This is pdfTeX, Version 3.1415926-2.4-1.40.13 (TeX Live 2012) (format=pdflatex 2012.6.30)  23 SEP 2015 11:07
entering extended mode
 restricted \write18 enabled.
 %&-line parsing enabled.
**book
(./book.tex
LaTeX2e <2011/06/27>
Babel <v3.8m> and hyphenation patterns for english, dumylang, nohyphenation, ge
rman-x-2012-05-30, ngerman-x-2012-05-30, afrikaans, ancientgreek, ibycus, arabi
c, armenian, basque, bulgarian, catalan, pinyin, coptic, croatian, czech, danis
h, dutch, ukenglish, usenglishmax, esperanto, estonian, ethiopic, farsi, finnis
h, french, friulan, galician, german, ngerman, swissgerman, monogreek, greek, h
ungarian, icelandic, assamese, bengali, gujarati, hindi, kannada, malayalam, ma
rathi, oriya, panjabi, tamil, telugu, indonesian, interlingua, irish, italian, 
kurmanji, latin, latvian, lithuanian, mongolian, mongolianlmc, bokmal, nynorsk,
 polish, portuguese, romanian, romansh, russian, sanskrit, serbian, serbianc, s
lovak, slovenian, spanish, swedish, turkish, turkmen, ukrainian, uppersorbian, 
welsh, loaded.
(./svmult.cls
Document Class: svmult 2007/06/25 v5.4 
Springer Verlag global LaTeX document class for multi authored books

Class Springer-SVMult Warning: Specified option or subpackage "sectrefs" 
(Springer-SVMult)              not found - passing it to article class 
(Springer-SVMult)              - on input line 221.

Class Springer-SVMult Info: extra/valid Springer sub-package 
(Springer-SVMult)           not found in option list - using "global" style.
(/usr/local/texlive/2012/texmf-dist/tex/latex/base/article.cls
Document Class: article 2007/10/19 v1.4h Standard LaTeX document class
(/usr/local/texlive/2012/texmf-dist/tex/latex/base/size10.clo
File: size10.clo 2007/10/19 v1.4h Standard LaTeX file (size option)
)
\c@part=\count79
\c@section=\count80
\c@subsection=\count81
\c@subsubsection=\count82
\c@paragraph=\count83
\c@subparagraph=\count84
\c@figure=\count85
\c@table=\count86
\abovecaptionskip=\skip41
\belowcaptionskip=\skip42
\bibindent=\dimen102
)
\svparindent=\dimen103
\bibindent=\dimen104
\betweenumberspace=\dimen105
\headlineindent=\dimen106
\minitoc=\write3
\c@minitocdepth=\count87
\c@chapter=\count88
\mottowidth=\dimen107
\svitemindent=\dimen108
\verbatimindent=\dimen109
LaTeX Font Info:    Redeclaring math symbol \Gamma on input line 963.
LaTeX Font Info:    Redeclaring math symbol \Delta on input line 964.
LaTeX Font Info:    Redeclaring math symbol \Theta on input line 965.
LaTeX Font Info:    Redeclaring math symbol \Lambda on input line 966.
LaTeX Font Info:    Redeclaring math symbol \Xi on input line 967.
LaTeX Font Info:    Redeclaring math symbol \Pi on input line 968.
LaTeX Font Info:    Redeclaring math symbol \Sigma on input line 969.
LaTeX Font Info:    Redeclaring math symbol \Upsilon on input line 970.
LaTeX Font Info:    Redeclaring math symbol \Phi on input line 971.
LaTeX Font Info:    Redeclaring math symbol \Psi on input line 972.
LaTeX Font Info:    Redeclaring math symbol \Omega on input line 973.
\tocchpnum=\dimen110
\tocsecnum=\dimen111
\tocsectotal=\dimen112
\tocsubsecnum=\dimen113
\tocsubsectotal=\dimen114
\tocsubsubsecnum=\dimen115
\tocsubsubsectotal=\dimen116
\tocparanum=\dimen117
\tocparatotal=\dimen118
\tocsubparanum=\dimen119
\foot@parindent=\dimen120
\spthmsep=\dimen121
\c@theorem=\count89
\c@case=\count90
\c@conjecture=\count91
\c@corollary=\count92
\c@definition=\count93
\c@example=\count94
\c@exercise=\count95
\c@lemma=\count96
\c@note=\count97
\c@problem=\count98
\c@property=\count99
\c@proposition=\count100
\c@question=\count101
\c@solution=\count102
\c@remark=\count103
\c@prob=\count104
\instindent=\dimen122
\figgap=\dimen123
\bildb@x=\box26
\figcapgap=\dimen124
\tabcapgap=\dimen125
\c@merk=\count105
\c@@inst=\count106
\c@@auth=\count107
\c@auco=\count108
\instindent=\dimen126
\authrun=\box27
\authorrunning=\toks14
\tocauthor=\toks15
\titrun=\box28
\titlerunning=\toks16
\toctitle=\toks17
\c@contribution=\count109
LaTeX Info: Redefining \abstract on input line 2320.
)
(/usr/local/texlive/2012/texmf-dist/tex/latex/graphics/color.sty
Package: color 2005/11/14 v1.0j Standard LaTeX Color (DPC)

(/usr/local/texlive/2012/texmf-dist/tex/latex/latexconfig/color.cfg
File: color.cfg 2007/01/18 v1.5 color configuration of teTeX/TeXLive
)
Package color Info: Driver file: pdftex.def on input line 130.

(/usr/local/texlive/2012/texmf-dist/tex/latex/pdftex-def/pdftex.def
File: pdftex.def 2011/05/27 v0.06d Graphics/color for pdfTeX

(/usr/local/texlive/2012/texmf-dist/tex/generic/oberdiek/infwarerr.sty
Package: infwarerr 2010/04/08 v1.3 Providing info/warning/error messages (HO)
)
(/usr/local/texlive/2012/texmf-dist/tex/generic/oberdiek/ltxcmds.sty
Package: ltxcmds 2011/11/09 v1.22 LaTeX kernel commands for general use (HO)
)
\Gread@gobject=\count110
))
(/usr/local/texlive/2012/texmf-dist/tex/latex/framed/framed.sty
Package: framed 2011/10/22 v 0.96: framed or shaded text with page breaks
\OuterFrameSep=\skip43
\fb@frw=\dimen127
\fb@frh=\dimen128
\FrameRule=\dimen129
\FrameSep=\dimen130
)
(/usr/local/texlive/2012/texmf-dist/tex/latex/psnfss/mathptmx.sty
Package: mathptmx 2005/04/12 PSNFSS-v9.2a Times w/ Math, improved (SPQR, WaS) 
LaTeX Font Info:    Redeclaring symbol font `operators' on input line 28.
LaTeX Font Info:    Overwriting symbol font `operators' in version `normal'
(Font)                  OT1/cmr/m/n --> OT1/ztmcm/m/n on input line 28.
LaTeX Font Info:    Overwriting symbol font `operators' in version `bold'
(Font)                  OT1/cmr/bx/n --> OT1/ztmcm/m/n on input line 28.
LaTeX Font Info:    Redeclaring symbol font `letters' on input line 29.
LaTeX Font Info:    Overwriting symbol font `letters' in version `normal'
(Font)                  OML/cmm/m/it --> OML/ztmcm/m/it on input line 29.
LaTeX Font Info:    Overwriting symbol font `letters' in version `bold'
(Font)                  OML/cmm/b/it --> OML/ztmcm/m/it on input line 29.
LaTeX Font Info:    Redeclaring symbol font `symbols' on input line 30.
LaTeX Font Info:    Overwriting symbol font `symbols' in version `normal'
(Font)                  OMS/cmsy/m/n --> OMS/ztmcm/m/n on input line 30.
LaTeX Font Info:    Overwriting symbol font `symbols' in version `bold'
(Font)                  OMS/cmsy/b/n --> OMS/ztmcm/m/n on input line 30.
LaTeX Font Info:    Redeclaring symbol font `largesymbols' on input line 31.
LaTeX Font Info:    Overwriting symbol font `largesymbols' in version `normal'
(Font)                  OMX/cmex/m/n --> OMX/ztmcm/m/n on input line 31.
LaTeX Font Info:    Overwriting symbol font `largesymbols' in version `bold'
(Font)                  OMX/cmex/m/n --> OMX/ztmcm/m/n on input line 31.
\symbold=\mathgroup4
\symitalic=\mathgroup5
LaTeX Font Info:    Redeclaring math alphabet \mathbf on input line 34.
LaTeX Font Info:    Overwriting math alphabet `\mathbf' in version `normal'
(Font)                  OT1/cmr/bx/n --> OT1/ptm/bx/n on input line 34.
LaTeX Font Info:    Overwriting math alphabet `\mathbf' in version `bold'
(Font)                  OT1/cmr/bx/n --> OT1/ptm/bx/n on input line 34.
LaTeX Font Info:    Redeclaring math alphabet \mathit on input line 35.
LaTeX Font Info:    Overwriting math alphabet `\mathit' in version `normal'
(Font)                  OT1/cmr/m/it --> OT1/ptm/m/it on input line 35.
LaTeX Font Info:    Overwriting math alphabet `\mathit' in version `bold'
(Font)                  OT1/cmr/bx/it --> OT1/ptm/m/it on input line 35.
LaTeX Info: Redefining \hbar on input line 50.
)
(/usr/local/texlive/2012/texmf-dist/tex/latex/psnfss/helvet.sty
Package: helvet 2005/04/12 PSNFSS-v9.2a (WaS) 

(/usr/local/texlive/2012/texmf-dist/tex/latex/graphics/keyval.sty
Package: keyval 1999/03/16 v1.13 key=value parser (DPC)
\KV@toks@=\toks18
))
(/usr/local/texlive/2012/texmf-dist/tex/latex/psnfss/courier.sty
Package: courier 2005/04/12 PSNFSS-v9.2a (WaS) 
)
(/usr/local/texlive/2012/texmf-dist/tex/latex/type1cm/type1cm.sty
Package: type1cm 2002/09/05 v0.04 BlueSky/Y&Y Type1 CM font definitions (DPC, p
atched RF)
)
(/usr/local/texlive/2012/texmf-dist/tex/latex/exercise/exercise.sty
Package: exercise 2012/05/08 v1.58 Exercise package (P.Pichaureau)

(/usr/local/texlive/2012/texmf-dist/tex/latex/base/ifthen.sty
Package: ifthen 2001/05/26 v1.1c Standard LaTeX ifthen package (DPC)
)
\ExerciseSkipBefore=\skip44
\ExerciseSkipAfter=\skip45
\Exesep=\skip46
\Exetopsep=\skip47
\Exeparsep=\skip48
\Exepartopsep=\skip49
\Exeleftmargin=\skip50
\Exerightmargin=\skip51
\Exelabelwidth=\skip52
\Exelabelsep=\skip53
\ExerciseBefore=\skip54
\QuestionBefore=\skip55
\subQuestionBefore=\skip56
\subsubQuestionBefore=\skip57
\QuestionIndent=\skip58
\subQuestionIndent=\skip59
\subsubQuestionIndent=\skip60
\c@Exercise=\count111
\c@Answer=\count112
\c@ExePart=\count113
\c@Question=\count114
\c@subQuestion=\count115
\c@subsubQuestion=\count116
\c@savedQuestion=\count117
\c@savedsubQuestion=\count118
\c@savedsubsubQuestion=\count119
\@QuestionLevel=\count120
\@Exercisebox=\box29
\all@Exercisebox=\box30
\temp@Exercisebox=\box31
\all@Answerbox=\box32
\temp@Answerbox=\box33
\ExerciseDifficulty=\count121
\QuestionDifficulty=\count122
\subQuestionDifficulty=\count123
\subsubQuestionDifficulty=\count124
\ExePartDifficulty=\count125
\@Answerbox=\box34
\colonnesLevel=\count126
\tempskipa=\skip61
\tempskipb=\skip62
\@savedmathindent=\skip63
)
(/usr/local/texlive/2012/texmf-dist/tex/latex/base/makeidx.sty
Package: makeidx 2000/03/29 v1.0m Standard LaTeX package
)
(/usr/local/texlive/2012/texmf-dist/tex/latex/graphics/graphicx.sty
Package: graphicx 1999/02/16 v1.0f Enhanced LaTeX Graphics (DPC,SPQR)

(/usr/local/texlive/2012/texmf-dist/tex/latex/graphics/graphics.sty
Package: graphics 2009/02/05 v1.0o Standard LaTeX Graphics (DPC,SPQR)

(/usr/local/texlive/2012/texmf-dist/tex/latex/graphics/trig.sty
Package: trig 1999/03/16 v1.09 sin cos tan (DPC)
)
(/usr/local/texlive/2012/texmf-dist/tex/latex/latexconfig/graphics.cfg
File: graphics.cfg 2010/04/23 v1.9 graphics configuration of TeX Live
)
Package graphics Info: Driver file: pdftex.def on input line 91.
)
\Gin@req@height=\dimen131
\Gin@req@width=\dimen132
)
(/usr/local/texlive/2012/texmf-dist/tex/latex/tools/multicol.sty
Package: multicol 2011/06/27 v1.7a multicolumn formatting (FMi)
\c@tracingmulticols=\count127
\mult@box=\box35
\multicol@leftmargin=\dimen133
\c@unbalance=\count128
\c@collectmore=\count129
\doublecol@number=\count130
\multicoltolerance=\count131
\multicolpretolerance=\count132
\full@width=\dimen134
\page@free=\dimen135
\premulticols=\dimen136
\postmulticols=\dimen137
\multicolsep=\skip64
\multicolbaselineskip=\skip65
\partial@page=\box36
\last@line=\box37
\mult@rightbox=\box38
\mult@grightbox=\box39
\mult@gfirstbox=\box40
\mult@firstbox=\box41
\@tempa=\box42
\@tempa=\box43
\@tempa=\box44
\@tempa=\box45
\@tempa=\box46
\@tempa=\box47
\@tempa=\box48
\@tempa=\box49
\@tempa=\box50
\@tempa=\box51
\@tempa=\box52
\@tempa=\box53
\@tempa=\box54
\@tempa=\box55
\@tempa=\box56
\@tempa=\box57
\@tempa=\box58
\c@columnbadness=\count133
\c@finalcolumnbadness=\count134
\last@try=\dimen138
\multicolovershoot=\dimen139
\multicolundershoot=\dimen140
\mult@nat@firstbox=\box59
\colbreak@box=\box60
\multicol@sort@counter=\count135
)
(/usr/local/texlive/2012/texmf-dist/tex/latex/footmisc/footmisc.sty
Package: footmisc 2011/06/06 v5.5b a miscellany of footnote facilities
\FN@temptoken=\toks19
\footnotemargin=\dimen141
\c@pp@next@reset=\count136
Package footmisc Info: Declaring symbol style bringhurst on input line 855.
Package footmisc Info: Declaring symbol style chicago on input line 863.
Package footmisc Info: Declaring symbol style wiley on input line 872.
Package footmisc Info: Declaring symbol style lamport-robust on input line 883.

Package footmisc Info: Declaring symbol style lamport* on input line 903.
Package footmisc Info: Declaring symbol style lamport*-robust on input line 924
.
)
(/usr/local/texlive/2012/texmf-dist/tex/latex/xcolor/xcolor.sty
Package: xcolor 2007/01/21 v2.11 LaTeX color extensions (UK)

(/usr/local/texlive/2012/texmf-dist/tex/latex/latexconfig/color.cfg
File: color.cfg 2007/01/18 v1.5 color configuration of teTeX/TeXLive
)
Package xcolor Info: Package option `usenames' ignored on input line 216.
Package xcolor Info: Driver file: pdftex.def on input line 225.
LaTeX Info: Redefining \color on input line 702.
Package xcolor Info: Model `cmy' substituted by `cmy0' on input line 1337.
Package xcolor Info: Model `hsb' substituted by `rgb' on input line 1341.
Package xcolor Info: Model `RGB' extended on input line 1353.
Package xcolor Info: Model `HTML' substituted by `rgb' on input line 1355.
Package xcolor Info: Model `Hsb' substituted by `hsb' on input line 1356.
Package xcolor Info: Model `tHsb' substituted by `hsb' on input line 1357.
Package xcolor Info: Model `HSB' substituted by `hsb' on input line 1358.
Package xcolor Info: Model `Gray' substituted by `gray' on input line 1359.
Package xcolor Info: Model `wave' substituted by `hsb' on input line 1360.

(/usr/local/texlive/2012/texmf-dist/tex/latex/graphics/dvipsnam.def
File: dvipsnam.def 1999/02/16 v3.0i Driver-dependant file (DPC,SPQR)
)
(/usr/local/texlive/2012/texmf-dist/tex/latex/xcolor/x11nam.def
File: x11nam.def 2007/01/21 v2.11 Predefined colors according to Unix/X11 (UK)
))
(/usr/local/texlive/2012/texmf-dist/tex/latex/listings/listings.sty
\lst@mode=\count137
\lst@gtempboxa=\box61
\lst@token=\toks20
\lst@length=\count138
\lst@currlwidth=\dimen142
\lst@column=\count139
\lst@pos=\count140
\lst@lostspace=\dimen143
\lst@width=\dimen144
\lst@newlines=\count141
\lst@lineno=\count142
\lst@maxwidth=\dimen145

(/usr/local/texlive/2012/texmf-dist/tex/latex/listings/lstmisc.sty
File: lstmisc.sty 2007/02/22 1.4 (Carsten Heinz)
\c@lstnumber=\count143
\lst@skipnumbers=\count144
\lst@framebox=\box62
)
(/usr/local/texlive/2012/texmf-dist/tex/latex/listings/listings.cfg
File: listings.cfg 2007/02/22 1.4 listings configuration
))
Package: listings 2007/02/22 1.4 (Carsten Heinz)

(/usr/local/texlive/2012/texmf-dist/tex/latex/eepic/epic.sty
Enhancements to Picture Environment. Version 1.2 - Released June 1, 1986
\@@multicnt=\count145
\d@lta=\count146
\@delta=\dimen146
\@@delta=\dimen147
\@gridcnt=\count147
\@joinkind=\count148
\@dotgap=\dimen148
\@ddotgap=\dimen149
\@x@diff=\count149
\@y@diff=\count150
\x@diff=\dimen150
\y@diff=\dimen151
\@dotbox=\box63
\num@segments=\count151
\num@segmentsi=\count152
\@datafile=\read1
) (/usr/local/texlive/2012/texmf-dist/tex/latex/eepic/eepic.sty
Extension to Epic and LaTeX. Version 1.1e - Released Dec 21, 1999
\@gphlinewidth=\count153
\@eepictcnt=\count154
\@tempdimc=\dimen152
\maxovaldiam=\dimen153
\@filltype=\box64
) (/usr/local/texlive/2012/texmf-dist/tex/latex/a4wide/a4wide.sty
Package: a4wide 1994/08/30

(/usr/local/texlive/2012/texmf-dist/tex/latex/ntgclass/a4.sty
Package: a4 2004/04/15 v1.2g A4 based page layout
))
(/usr/local/texlive/2012/texmf-dist/tex/latex/amsmath/amsmath.sty
Package: amsmath 2000/07/18 v2.13 AMS math features
\@mathmargin=\skip66

For additional information on amsmath, use the `?' option.
(/usr/local/texlive/2012/texmf-dist/tex/latex/amsmath/amstext.sty
Package: amstext 2000/06/29 v2.01

(/usr/local/texlive/2012/texmf-dist/tex/latex/amsmath/amsgen.sty
File: amsgen.sty 1999/11/30 v2.0
\@emptytoks=\toks21
\ex@=\dimen154
))
(/usr/local/texlive/2012/texmf-dist/tex/latex/amsmath/amsbsy.sty
Package: amsbsy 1999/11/29 v1.2d
\pmbraise@=\dimen155
)
(/usr/local/texlive/2012/texmf-dist/tex/latex/amsmath/amsopn.sty
Package: amsopn 1999/12/14 v2.01 operator names
)
\inf@bad=\count155
LaTeX Info: Redefining \frac on input line 211.
\uproot@=\count156
\leftroot@=\count157
LaTeX Info: Redefining \overline on input line 307.
\classnum@=\count158
\DOTSCASE@=\count159
LaTeX Info: Redefining \ldots on input line 379.
LaTeX Info: Redefining \dots on input line 382.
LaTeX Info: Redefining \cdots on input line 467.
\Mathstrutbox@=\box65
\strutbox@=\box66
\big@size=\dimen156
LaTeX Font Info:    Redeclaring font encoding OML on input line 567.
LaTeX Font Info:    Redeclaring font encoding OMS on input line 568.


Package amsmath Warning: Unable to redefine math accent \vec.

\macc@depth=\count160
\c@MaxMatrixCols=\count161
\dotsspace@=\muskip10
\c@parentequation=\count162
\dspbrk@lvl=\count163
\tag@help=\toks22
\row@=\count164
\column@=\count165
\maxfields@=\count166
\andhelp@=\toks23
\eqnshift@=\dimen157
\alignsep@=\dimen158
\tagshift@=\dimen159
\tagwidth@=\dimen160
\totwidth@=\dimen161
\lineht@=\dimen162
\@envbody=\toks24
\multlinegap=\skip67
\multlinetaggap=\skip68
\mathdisplay@stack=\toks25
LaTeX Info: Redefining \[ on input line 2666.
LaTeX Info: Redefining \] on input line 2667.
) (/usr/local/texlive/2012/texmf-dist/tex/latex/amsfonts/amssymb.sty
Package: amssymb 2009/06/22 v3.00

(/usr/local/texlive/2012/texmf-dist/tex/latex/amsfonts/amsfonts.sty
Package: amsfonts 2009/06/22 v3.00 Basic AMSFonts support
\symAMSa=\mathgroup6
\symAMSb=\mathgroup7
LaTeX Font Info:    Overwriting math alphabet `\mathfrak' in version `bold'
(Font)                  U/euf/m/n --> U/euf/b/n on input line 96.
))
(/usr/local/texlive/2012/texmf-dist/tex/latex/base/fontenc.sty
Package: fontenc 2005/09/27 v1.99g Standard LaTeX package

(/usr/local/texlive/2012/texmf-dist/tex/latex/base/t1enc.def
File: t1enc.def 2005/09/27 v1.99g Standard LaTeX file
LaTeX Font Info:    Redeclaring font encoding T1 on input line 43.
))
(/usr/local/texlive/2012/texmf-dist/tex/latex/cite/cite.sty
LaTeX Info: Redefining \cite on input line 302.
LaTeX Info: Redefining \nocite on input line 373.
Package: cite 2010/09/10  v 5.3
)
(/usr/local/texlive/2012/texmf-dist/tex/latex/shadow/shadow.sty
Package: shadow 2003/02/19 v1.3 shadow boxes (M.O.)
\txtwdth=\dimen163
\sht=\dimen164
\shw=\dimen165
\shbox=\box67
\sboxsep=\dimen166
\sboxrule=\dimen167
\sdim=\dimen168
)
(/usr/local/texlive/2012/texmf-dist/tex/latex/hyperref/hyperref.sty
Package: hyperref 2012/05/13 v6.82q Hypertext links for LaTeX

(/usr/local/texlive/2012/texmf-dist/tex/generic/oberdiek/hobsub-hyperref.sty
Package: hobsub-hyperref 2012/05/28 v1.13 Bundle oberdiek, subset hyperref (HO)


(/usr/local/texlive/2012/texmf-dist/tex/generic/oberdiek/hobsub-generic.sty
Package: hobsub-generic 2012/05/28 v1.13 Bundle oberdiek, subset generic (HO)
Package: hobsub 2012/05/28 v1.13 Construct package bundles (HO)
Package hobsub Info: Skipping package `infwarerr' (already loaded).
Package hobsub Info: Skipping package `ltxcmds' (already loaded).
Package: ifluatex 2010/03/01 v1.3 Provides the ifluatex switch (HO)
Package ifluatex Info: LuaTeX not detected.
Package: ifvtex 2010/03/01 v1.5 Detect VTeX and its facilities (HO)
Package ifvtex Info: VTeX not detected.
Package: intcalc 2007/09/27 v1.1 Expandable calculations with integers (HO)
Package: ifpdf 2011/01/30 v2.3 Provides the ifpdf switch (HO)
Package ifpdf Info: pdfTeX in PDF mode is detected.
Package: etexcmds 2011/02/16 v1.5 Avoid name clashes with e-TeX commands (HO)
Package etexcmds Info: Could not find \expanded.
(etexcmds)             That can mean that you are not using pdfTeX 1.50 or
(etexcmds)             that some package has redefined \expanded.
(etexcmds)             In the latter case, load this package earlier.
Package: kvsetkeys 2012/04/25 v1.16 Key value parser (HO)
Package: kvdefinekeys 2011/04/07 v1.3 Define keys (HO)
Package: pdftexcmds 2011/11/29 v0.20 Utility functions of pdfTeX for LuaTeX (HO
)
Package pdftexcmds Info: LuaTeX not detected.
Package pdftexcmds Info: \pdf@primitive is available.
Package pdftexcmds Info: \pdf@ifprimitive is available.
Package pdftexcmds Info: \pdfdraftmode found.
Package: pdfescape 2011/11/25 v1.13 Implements pdfTeX's escape features (HO)
Package: bigintcalc 2012/04/08 v1.3 Expandable calculations on big integers (HO
)
Package: bitset 2011/01/30 v1.1 Handle bit-vector datatype (HO)
Package: uniquecounter 2011/01/30 v1.2 Provide unlimited unique counter (HO)
)
Package hobsub Info: Skipping package `hobsub' (already loaded).
Package: letltxmacro 2010/09/02 v1.4 Let assignment for LaTeX macros (HO)
Package: hopatch 2012/05/28 v1.2 Wrapper for package hooks (HO)
Package: xcolor-patch 2011/01/30 xcolor patch
Package: atveryend 2011/06/30 v1.8 Hooks at the very end of document (HO)
Package atveryend Info: \enddocument detected (standard20110627).
Package: atbegshi 2011/10/05 v1.16 At begin shipout hook (HO)
Package: refcount 2011/10/16 v3.4 Data extraction from label references (HO)
Package: hycolor 2011/01/30 v1.7 Color options for hyperref/bookmark (HO)
)
(/usr/local/texlive/2012/texmf-dist/tex/generic/ifxetex/ifxetex.sty
Package: ifxetex 2010/09/12 v0.6 Provides ifxetex conditional
)
(/usr/local/texlive/2012/texmf-dist/tex/latex/oberdiek/kvoptions.sty
Package: kvoptions 2011/06/30 v3.11 Key value format for package options (HO)
)
\@linkdim=\dimen169
\Hy@linkcounter=\count167
\Hy@pagecounter=\count168

(/usr/local/texlive/2012/texmf-dist/tex/latex/hyperref/pd1enc.def
File: pd1enc.def 2012/05/13 v6.82q Hyperref: PDFDocEncoding definition (HO)
)
\Hy@SavedSpaceFactor=\count169

(/usr/local/texlive/2012/texmf-dist/tex/latex/latexconfig/hyperref.cfg
File: hyperref.cfg 2002/06/06 v1.2 hyperref configuration of TeXLive
)
Package hyperref Info: Hyper figures OFF on input line 4062.
Package hyperref Info: Link nesting OFF on input line 4067.
Package hyperref Info: Hyper index ON on input line 4070.
Package hyperref Info: Plain pages OFF on input line 4077.
Package hyperref Info: Backreferencing OFF on input line 4082.
Package hyperref Info: Implicit mode ON; LaTeX internals redefined.
Package hyperref Info: Bookmarks ON on input line 4300.
\c@Hy@tempcnt=\count170

(/usr/local/texlive/2012/texmf-dist/tex/latex/url/url.sty
\Urlmuskip=\muskip11
Package: url 2006/04/12  ver 3.3  Verb mode for urls, etc.
)
LaTeX Info: Redefining \url on input line 4653.
\Fld@menulength=\count171
\Field@Width=\dimen170
\Fld@charsize=\dimen171
Package hyperref Info: Hyper figures OFF on input line 5773.
Package hyperref Info: Link nesting OFF on input line 5778.
Package hyperref Info: Hyper index ON on input line 5781.
Package hyperref Info: backreferencing OFF on input line 5788.
Package hyperref Info: Link coloring OFF on input line 5793.
Package hyperref Info: Link coloring with OCG OFF on input line 5798.
Package hyperref Info: PDF/A mode OFF on input line 5803.
LaTeX Info: Redefining \ref on input line 5843.
LaTeX Info: Redefining \pageref on input line 5847.
\Hy@abspage=\count172
\c@Item=\count173
\c@Hfootnote=\count174
)

Package hyperref Message: Driver (autodetected): hpdftex.

(/usr/local/texlive/2012/texmf-dist/tex/latex/hyperref/hpdftex.def
File: hpdftex.def 2012/05/13 v6.82q Hyperref driver for pdfTeX
\Fld@listcount=\count175
\c@bookmark@seq@number=\count176

(/usr/local/texlive/2012/texmf-dist/tex/latex/oberdiek/rerunfilecheck.sty
Package: rerunfilecheck 2011/04/15 v1.7 Rerun checks for auxiliary files (HO)
Package uniquecounter Info: New unique counter `rerunfilecheck' on input line 2
82.
)
\Hy@SectionHShift=\skip69
)
(/usr/local/texlive/2012/texmf-dist/tex/latex/base/bezier.sty)
(/usr/local/texlive/2012/texmf-dist/tex/latex/pstricks/pstricks.sty
Package: pstricks 2011/10/31 v0.52 LaTeX wrapper for `PSTricks' (RN,HV)

(/usr/local/texlive/2012/texmf-dist/tex/generic/pstricks/pstricks.tex
(/usr/local/texlive/2012/texmf-dist/tex/generic/xkeyval/pst-xkey.tex
File: pst-xkey.tex 2005/11/25 v1.6 PSTricks specialization of xkeyval (HA)

(/usr/local/texlive/2012/texmf-dist/tex/latex/xkeyval/xkeyval.sty
Package: xkeyval 2008/08/13 v2.6a package option processing (HA)

(/usr/local/texlive/2012/texmf-dist/tex/generic/xkeyval/xkeyval.tex
\XKV@toks=\toks26
\XKV@tempa@toks=\toks27
\XKV@depth=\count177
File: xkeyval.tex 2008/08/13 v2.6a key=value parser (HA)
)))
(/usr/local/texlive/2012/texmf-dist/tex/generic/pstricks/pst-fp.tex
`pst-fp' v0.05, 2010/01/17 (hv)
\pstFP@xs=\count178
\pstFP@xia=\count179
\pstFP@xib=\count180
\pstFP@xfa=\count181
\pstFP@xfb=\count182
\pstFP@rega=\count183
\pstFP@regb=\count184
\pstFP@regs=\count185
\pstFP@times=\count186
)
\psLoopIndex=\count187

`PSTricks' v2.29  <2012/06/04> (tvz)
\pst@dima=\dimen172
\pst@dimb=\dimen173
\pst@dimc=\dimen174
\pst@dimd=\dimen175
\pst@dimg=\dimen176
\pst@dimh=\dimen177
\pst@dimm=\dimen178
\pst@dimn=\dimen179
\pst@dimo=\dimen180
\pst@dimp=\dimen181
\pst@hbox=\box68
\pst@ibox=\box69
\pst@boxg=\box70
\pst@cnta=\count188
\pst@cntb=\count189
\pst@cntc=\count190
\pst@cntd=\count191
\pst@cntg=\count192
\pst@cnth=\count193
\pst@cntm=\count194
\pst@cntn=\count195
\pst@cnto=\count196
\pst@cntp=\count197
\@zero=\count198
\pst@toks=\toks28
(/usr/local/texlive/2012/texmf-dist/tex/generic/pstricks/pstricks.con)
\psunit=\dimen182
\psxunit=\dimen183
\psyunit=\dimen184
\pst@C@@rType=\count199
\pslinewidth=\dimen185
\psk@startLW=\dimen186
\psk@endLW=\dimen187
\pst@customdefs=\toks29
\pslinearc=\dimen188
\pst@symbolStep=\dimen189
\pst@symbolWidth=\dimen190
\pst@symbolLinewidth=\dimen191
\everypsbox=\toks30
\psframesep=\dimen192
\pslabelsep=\dimen193
\pst@shift=\dimen194
\theoverlaybox=\box71
)
File: pstricks.tex 2012/06/04 v2.29 `PSTricks' (tvz,hv)

(/usr/local/texlive/2012/texmf-dist/tex/generic/pstricks/pst-fp.tex)
File: pst-fp.tex 2012/06/04 v2.29 `PST-fp' (hv)
)
(/usr/local/texlive/2012/texmf-dist/tex/latex/base/textcomp.sty
Package: textcomp 2005/09/27 v1.99g Standard LaTeX package
Package textcomp Info: Sub-encoding information:
(textcomp)               5 = only ISO-Adobe without \textcurrency
(textcomp)               4 = 5 + \texteuro
(textcomp)               3 = 4 + \textohm
(textcomp)               2 = 3 + \textestimated + \textcurrency
(textcomp)               1 = TS1 - \textcircled - \t
(textcomp)               0 = TS1 (full)
(textcomp)             Font families with sub-encoding setting implement
(textcomp)             only a restricted character set as indicated.
(textcomp)             Family '?' is the default used for unknown fonts.
(textcomp)             See the documentation for details.
Package textcomp Info: Setting ? sub-encoding to TS1/1 on input line 71.

(/usr/local/texlive/2012/texmf-dist/tex/latex/base/ts1enc.def
File: ts1enc.def 2001/06/05 v3.0e (jk/car/fm) Standard LaTeX file
)
LaTeX Info: Redefining \oldstylenums on input line 266.
Package textcomp Info: Setting cmr sub-encoding to TS1/0 on input line 281.
Package textcomp Info: Setting cmss sub-encoding to TS1/0 on input line 282.
Package textcomp Info: Setting cmtt sub-encoding to TS1/0 on input line 283.
Package textcomp Info: Setting cmvtt sub-encoding to TS1/0 on input line 284.
Package textcomp Info: Setting cmbr sub-encoding to TS1/0 on input line 285.
Package textcomp Info: Setting cmtl sub-encoding to TS1/0 on input line 286.
Package textcomp Info: Setting ccr sub-encoding to TS1/0 on input line 287.
Package textcomp Info: Setting ptm sub-encoding to TS1/4 on input line 288.
Package textcomp Info: Setting pcr sub-encoding to TS1/4 on input line 289.
Package textcomp Info: Setting phv sub-encoding to TS1/4 on input line 290.
Package textcomp Info: Setting ppl sub-encoding to TS1/3 on input line 291.
Package textcomp Info: Setting pag sub-encoding to TS1/4 on input line 292.
Package textcomp Info: Setting pbk sub-encoding to TS1/4 on input line 293.
Package textcomp Info: Setting pnc sub-encoding to TS1/4 on input line 294.
Package textcomp Info: Setting pzc sub-encoding to TS1/4 on input line 295.
Package textcomp Info: Setting bch sub-encoding to TS1/4 on input line 296.
Package textcomp Info: Setting put sub-encoding to TS1/5 on input line 297.
Package textcomp Info: Setting uag sub-encoding to TS1/5 on input line 298.
Package textcomp Info: Setting ugq sub-encoding to TS1/5 on input line 299.
Package textcomp Info: Setting ul8 sub-encoding to TS1/4 on input line 300.
Package textcomp Info: Setting ul9 sub-encoding to TS1/4 on input line 301.
Package textcomp Info: Setting augie sub-encoding to TS1/5 on input line 302.
Package textcomp Info: Setting dayrom sub-encoding to TS1/3 on input line 303.
Package textcomp Info: Setting dayroms sub-encoding to TS1/3 on input line 304.

Package textcomp Info: Setting pxr sub-encoding to TS1/0 on input line 305.
Package textcomp Info: Setting pxss sub-encoding to TS1/0 on input line 306.
Package textcomp Info: Setting pxtt sub-encoding to TS1/0 on input line 307.
Package textcomp Info: Setting txr sub-encoding to TS1/0 on input line 308.
Package textcomp Info: Setting txss sub-encoding to TS1/0 on input line 309.
Package textcomp Info: Setting txtt sub-encoding to TS1/0 on input line 310.
Package textcomp Info: Setting lmr sub-encoding to TS1/0 on input line 311.
Package textcomp Info: Setting lmdh sub-encoding to TS1/0 on input line 312.
Package textcomp Info: Setting lmss sub-encoding to TS1/0 on input line 313.
Package textcomp Info: Setting lmssq sub-encoding to TS1/0 on input line 314.
Package textcomp Info: Setting lmvtt sub-encoding to TS1/0 on input line 315.
Package textcomp Info: Setting qhv sub-encoding to TS1/0 on input line 316.
Package textcomp Info: Setting qag sub-encoding to TS1/0 on input line 317.
Package textcomp Info: Setting qbk sub-encoding to TS1/0 on input line 318.
Package textcomp Info: Setting qcr sub-encoding to TS1/0 on input line 319.
Package textcomp Info: Setting qcs sub-encoding to TS1/0 on input line 320.
Package textcomp Info: Setting qpl sub-encoding to TS1/0 on input line 321.
Package textcomp Info: Setting qtm sub-encoding to TS1/0 on input line 322.
Package textcomp Info: Setting qzc sub-encoding to TS1/0 on input line 323.
Package textcomp Info: Setting qhvc sub-encoding to TS1/0 on input line 324.
Package textcomp Info: Setting futs sub-encoding to TS1/4 on input line 325.
Package textcomp Info: Setting futx sub-encoding to TS1/4 on input line 326.
Package textcomp Info: Setting futj sub-encoding to TS1/4 on input line 327.
Package textcomp Info: Setting hlh sub-encoding to TS1/3 on input line 328.
Package textcomp Info: Setting hls sub-encoding to TS1/3 on input line 329.
Package textcomp Info: Setting hlst sub-encoding to TS1/3 on input line 330.
Package textcomp Info: Setting hlct sub-encoding to TS1/5 on input line 331.
Package textcomp Info: Setting hlx sub-encoding to TS1/5 on input line 332.
Package textcomp Info: Setting hlce sub-encoding to TS1/5 on input line 333.
Package textcomp Info: Setting hlcn sub-encoding to TS1/5 on input line 334.
Package textcomp Info: Setting hlcw sub-encoding to TS1/5 on input line 335.
Package textcomp Info: Setting hlcf sub-encoding to TS1/5 on input line 336.
Package textcomp Info: Setting pplx sub-encoding to TS1/3 on input line 337.
Package textcomp Info: Setting pplj sub-encoding to TS1/3 on input line 338.
Package textcomp Info: Setting ptmx sub-encoding to TS1/4 on input line 339.
Package textcomp Info: Setting ptmj sub-encoding to TS1/4 on input line 340.
)
(/usr/local/texlive/2012/texmf-dist/tex/latex/cm-super/type1ec.sty
Package: type1ec 2002/09/07 v1.1 Type1 EC font definitions (for CM-Super fonts)


(/usr/local/texlive/2012/texmf-dist/tex/latex/base/t1cmr.fd
File: t1cmr.fd 1999/05/25 v2.5h Standard LaTeX font definitions
))
(/usr/local/texlive/2012/texmf-dist/tex/latex/pdfpages/pdfpages.sty
Package: pdfpages 2012/04/03 v0.4s Insert pages of external PDF documents (AM)

(/usr/local/texlive/2012/texmf-dist/tex/latex/tools/calc.sty
Package: calc 2007/08/22 v4.3 Infix arithmetic (KKT,FJ)
\calc@Acount=\count200
\calc@Bcount=\count201
\calc@Adimen=\dimen195
\calc@Bdimen=\dimen196
\calc@Askip=\skip70
\calc@Bskip=\skip71
LaTeX Info: Redefining \setlength on input line 76.
LaTeX Info: Redefining \addtolength on input line 77.
\calc@Ccount=\count202
\calc@Cskip=\skip72
)
(/usr/local/texlive/2012/texmf-dist/tex/latex/eso-pic/eso-pic.sty
Package: eso-pic 2010/10/06 v2.0c eso-pic (RN)
)
(/usr/local/texlive/2012/texmf-dist/tex/latex/pdfpages/pppdftex.def
File: pppdftex.def 2012/04/03 v0.4s Pdfpages driver for pdfTeX (AM)
)
\AM@pagebox=\box72
\AM@toc@title=\toks31
\c@AM@survey=\count203
\AM@templatesizebox=\box73
)
(/usr/local/texlive/2012/texmf-dist/tex/latex/bera/bera.sty
Package: bera 2004/01/31 (WaS)

(/usr/local/texlive/2012/texmf-dist/tex/latex/base/fontenc.sty
Package: fontenc 2005/09/27 v1.99g Standard LaTeX package

(/usr/local/texlive/2012/texmf-dist/tex/latex/base/t1enc.def
File: t1enc.def 2005/09/27 v1.99g Standard LaTeX file
LaTeX Font Info:    Redeclaring font encoding T1 on input line 43.
))
(/usr/local/texlive/2012/texmf-dist/tex/latex/bera/beraserif.sty
Package: beraserif 2004/01/30 (WaS)
LaTeX Font Info:    Try loading font information for T1+fve on input line 30.

(/usr/local/texlive/2012/texmf-dist/tex/latex/bera/t1fve.fd
File: t1fve.fd 2004/09/07 scalable font definitions for T1/fve.
)
LaTeX Font Info:    Font shape `T1/fve/m/n' will be
(Font)              scaled to size 8.99994pt on input line 30.
)
(/usr/local/texlive/2012/texmf-dist/tex/latex/bera/berasans.sty
Package: berasans 2004/01/30 (WaS)
)
(/usr/local/texlive/2012/texmf-dist/tex/latex/bera/beramono.sty
Package: beramono 2004/01/31 (WaS)
))
\@indexfile=\write4
\openout4 = `book.idx'.


Writing index file book.idx

LaTeX Warning: Unused global option(s):
    [sectrefs].

(./book.aux (./preface.aux) (./introduction.aux) (./chapter1.aux)
(./chapter2.aux) (./chapter3.aux) (./chapter4.aux) (./chapter5.aux)
(./chapter6.aux) (./chapter7.aux) (./chapter8.aux) (./summary.aux))
\openout1 = `book.aux'.

LaTeX Font Info:    Checking defaults for OML/cmm/m/it on input line 42.
LaTeX Font Info:    ... okay on input line 42.
LaTeX Font Info:    Checking defaults for T1/cmr/m/n on input line 42.
LaTeX Font Info:    ... okay on input line 42.
LaTeX Font Info:    Checking defaults for OT1/cmr/m/n on input line 42.
LaTeX Font Info:    ... okay on input line 42.
LaTeX Font Info:    Checking defaults for OMS/cmsy/m/n on input line 42.
LaTeX Font Info:    ... okay on input line 42.
LaTeX Font Info:    Checking defaults for OMX/cmex/m/n on input line 42.
LaTeX Font Info:    ... okay on input line 42.
LaTeX Font Info:    Checking defaults for U/cmr/m/n on input line 42.
LaTeX Font Info:    ... okay on input line 42.
LaTeX Font Info:    Checking defaults for PD1/pdf/m/n on input line 42.
LaTeX Font Info:    ... okay on input line 42.
LaTeX Font Info:    Checking defaults for TS1/cmr/m/n on input line 42.
LaTeX Font Info:    Try loading font information for TS1+cmr on input line 42.

(/usr/local/texlive/2012/texmf-dist/tex/latex/base/ts1cmr.fd
File: ts1cmr.fd 1999/05/25 v2.5h Standard LaTeX font definitions
)
LaTeX Font Info:    ... okay on input line 42.

(/usr/local/texlive/2012/texmf-dist/tex/context/base/supp-pdf.mkii
[Loading MPS to PDF converter (version 2006.09.02).]
\scratchcounter=\count204
\scratchdimen=\dimen197
\scratchbox=\box74
\nofMPsegments=\count205
\nofMParguments=\count206
\everyMPshowfont=\toks32
\MPscratchCnt=\count207
\MPscratchDim=\dimen198
\MPnumerator=\count208
\makeMPintoPDFobject=\count209
\everyMPtoPDFconversion=\toks33
) (/usr/local/texlive/2012/texmf-dist/tex/latex/oberdiek/epstopdf-base.sty
Package: epstopdf-base 2010/02/09 v2.5 Base part for package epstopdf

(/usr/local/texlive/2012/texmf-dist/tex/latex/oberdiek/grfext.sty
Package: grfext 2010/08/19 v1.1 Manage graphics extensions (HO)
)
Package grfext Info: Graphics extension search list:
(grfext)             [.png,.pdf,.jpg,.mps,.jpeg,.jbig2,.jb2,.PNG,.PDF,.JPG,.JPE
G,.JBIG2,.JB2,.eps]
(grfext)             \AppendGraphicsExtensions on input line 452.

(/usr/local/texlive/2012/texmf-dist/tex/latex/latexconfig/epstopdf-sys.cfg
File: epstopdf-sys.cfg 2010/07/13 v1.3 Configuration of (r)epstopdf for TeX Liv
e
))
\c@lstlisting=\count210
\AtBeginShipoutBox=\box75
Package hyperref Info: Link coloring OFF on input line 42.

(/usr/local/texlive/2012/texmf-dist/tex/latex/hyperref/nameref.sty
Package: nameref 2010/04/30 v2.40 Cross-referencing by name of section

(/usr/local/texlive/2012/texmf-dist/tex/generic/oberdiek/gettitlestring.sty
Package: gettitlestring 2010/12/03 v1.4 Cleanup title references (HO)
)
\c@section@level=\count211
)
LaTeX Info: Redefining \ref on input line 42.
LaTeX Info: Redefining \pageref on input line 42.
LaTeX Info: Redefining \nameref on input line 42.

(./book.out) (./book.out)
\@outlinefile=\write5
\openout5 = `book.out'.

LaTeX Font Info:    Font shape `T1/fve/m/n' will be
(Font)              scaled to size 10.79993pt on input line 45.
LaTeX Font Info:    Font shape `T1/fve/m/n' will be
(Font)              scaled to size 16.19989pt on input line 50.
LaTeX Font Info:    Font shape `T1/fve/m/n' will be
(Font)              scaled to size 22.39185pt on input line 50.
LaTeX Font Info:    Font shape `T1/fve/b/n' will be
(Font)              scaled to size 22.39185pt on input line 50.
LaTeX Font Info:    Font shape `T1/fve/m/n' will be
(Font)              scaled to size 12.59991pt on input line 50.
LaTeX Font Info:    Font shape `T1/fve/b/n' will be
(Font)              scaled to size 12.59991pt on input line 50.
 [4
Non-PDF special ignored!
Non-PDF special ignored!
Non-PDF special ignored!
Non-PDF special ignored!


Non-PDF special ignored!
Non-PDF special ignored!



{/usr/local/texlive/2012/texmf-var/fonts/map/pdftex/updmap/pdftex.map}]

Package mathptmx Warning: There are no bold math fonts on input line 52.

LaTeX Font Info:    Font shape `T1/fve/b/n' will be
(Font)              scaled to size 14.3999pt on input line 52.

Package hyperref Warning: bookmark level for unknown title defaults to 0.

LaTeX Font Info:    Font shape `T1/fve/m/n' will be
(Font)              scaled to size 7.64995pt on input line 52.
LaTeX Font Info:    Try loading font information for OT1+ztmcm on input line 52
.
(/usr/local/texlive/2012/texmf-dist/tex/latex/psnfss/ot1ztmcm.fd
File: ot1ztmcm.fd 2000/01/03 Fontinst v1.801 font definitions for OT1/ztmcm.
)
LaTeX Font Info:    Try loading font information for OML+ztmcm on input line 52
.

(/usr/local/texlive/2012/texmf-dist/tex/latex/psnfss/omlztmcm.fd
File: omlztmcm.fd 2000/01/03 Fontinst v1.801 font definitions for OML/ztmcm.
)
LaTeX Font Info:    Try loading font information for OMS+ztmcm on input line 52
.

(/usr/local/texlive/2012/texmf-dist/tex/latex/psnfss/omsztmcm.fd
File: omsztmcm.fd 2000/01/03 Fontinst v1.801 font definitions for OMS/ztmcm.
)
LaTeX Font Info:    Try loading font information for OMX+ztmcm on input line 52
.

(/usr/local/texlive/2012/texmf-dist/tex/latex/psnfss/omxztmcm.fd
File: omxztmcm.fd 2000/01/03 Fontinst v1.801 font definitions for OMX/ztmcm.
)
LaTeX Font Info:    Try loading font information for OT1+ptm on input line 52.

(/usr/local/texlive/2012/texmf-dist/tex/latex/psnfss/ot1ptm.fd
File: ot1ptm.fd 2001/06/04 font definitions for OT1/ptm.
)
LaTeX Font Info:    Font shape `OT1/ptm/bx/n' in size <10> not available
(Font)              Font shape `OT1/ptm/b/n' tried instead on input line 52.
LaTeX Font Info:    Font shape `OT1/ptm/bx/n' in size <7.4> not available
(Font)              Font shape `OT1/ptm/b/n' tried instead on input line 52.
LaTeX Font Info:    Font shape `OT1/ptm/bx/n' in size <6> not available
(Font)              Font shape `OT1/ptm/b/n' tried instead on input line 52.


Package hyperref Warning: bookmark level for unknown author defaults to 0.

[5


]
\openout2 = `preface.aux'.

 (./preface.tex [6



]
LaTeX Font Info:    Font shape `T1/fve/m/n' will be
(Font)              scaled to size 14.3999pt on input line 2.
) [7] [8



] (./book.toc
LaTeX Font Info:    Font shape `T1/fve/b/n' will be
(Font)              scaled to size 8.99994pt on input line 1.
 [9] [10])
\tf@toc=\write6
\openout6 = `book.toc'.

 [11] [12


]
\openout2 = `introduction.aux'.


(./introduction.tex
LaTeX Font Info:    Calculating math sizes for size <8.5> on input line 5.
LaTeX Font Info:    Font shape `OT1/ptm/bx/n' in size <8.5> not available
(Font)              Font shape `OT1/ptm/b/n' tried instead on input line 5.
LaTeX Font Info:    Font shape `OT1/ptm/bx/n' in size <6.29004> not available
(Font)              Font shape `OT1/ptm/b/n' tried instead on input line 5.
LaTeX Font Info:    Font shape `OT1/ptm/bx/n' in size <5.10005> not available
(Font)              Font shape `OT1/ptm/b/n' tried instead on input line 5.
LaTeX Font Info:    Try loading font information for T1+fvm on input line 5.
 (/usr/local/texlive/2012/texmf-dist/tex/latex/bera/t1fvm.fd
File: t1fvm.fd 2004/09/07 scalable font definitions for T1/fvm.
)
LaTeX Font Info:    Font shape `T1/fvm/m/n' will be
(Font)              scaled to size 7.64995pt on input line 5.


Package hyperref Warning: bookmark level for unknown titlech defaults to 0.


Package hyperref Warning: bookmark level for unknown authorch defaults to 0.

[1



]
LaTeX Font Info:    Font shape `T1/fve/b/n' will be
(Font)              scaled to size 7.64995pt on input line 95.
LaTeX Font Info:    Font shape `T1/fve/b/n' will be
(Font)              scaled to size 10.79993pt on input line 99.
LaTeX Font Info:    Font shape `T1/fve/m/it' in size <10> not available
(Font)              Font shape `T1/fve/m/sl' tried instead on input line 103.
LaTeX Font Info:    Font shape `T1/fve/m/sl' will be
(Font)              scaled to size 8.99994pt on input line 103.
LaTeX Font Info:    Font shape `T1/fvm/m/n' will be
(Font)              scaled to size 8.99994pt on input line 103.
LaTeX Font Info:    Font shape `T1/fve/m/n' will be
(Font)              scaled to size 6.65994pt on input line 120.
LaTeX Font Info:    Font shape `T1/fve/m/n' will be
(Font)              scaled to size 5.661pt on input line 120.
LaTeX Font Info:    Font shape `T1/fve/m/it' in size <8.5> not available
(Font)              Font shape `T1/fve/m/sl' tried instead on input line 120.
LaTeX Font Info:    Font shape `T1/fve/m/sl' will be
(Font)              scaled to size 7.64995pt on input line 120.
 [2]
LaTeX Font Info:    Try loading font information for TS1+fve on input line 120.

 (/usr/local/texlive/2012/texmf-dist/tex/latex/bera/ts1fve.fd
File: ts1fve.fd 2004/09/07 scalable font definitions for TS1/fve.
)
LaTeX Font Info:    Font shape `TS1/fve/m/n' will be
(Font)              scaled to size 8.99994pt on input line 120.


LaTeX Warning: Citation `science-contrib' on page 3 undefined on input line 120
.


LaTeX Warning: Citation `science-online' on page 3 undefined on input line 120.



LaTeX Warning: Citation `science-mono' on page 3 undefined on input line 120.


LaTeX Warning: Citation `science-journal' on page 3 undefined on input line 120
.


LaTeX Warning: Citation `science-DOI' on page 3 undefined on input line 120.


LaTeX Warning: Citation `phys-online' on page 3 undefined on input line 120.


LaTeX Warning: Citation `phys-mono' on page 3 undefined on input line 120.


LaTeX Warning: Citation `phys-journal' on page 3 undefined on input line 120.


LaTeX Warning: Citation `phys-DOI' on page 3 undefined on input line 120.


LaTeX Warning: Citation `phys-contrib' on page 3 undefined on input line 120.


LaTeX Warning: Citation `psysoc-mono' on page 3 undefined on input line 120.


LaTeX Warning: Citation `psysoc-online' on page 3 undefined on input line 120.


LaTeX Warning: Citation `psysoc-journal' on page 3 undefined on input line 120.



LaTeX Warning: Citation `psysoc-contrib' on page 3 undefined on input line 120.



LaTeX Warning: Citation `psysoc-DOI' on page 3 undefined on input line 120.


LaTeX Warning: Citation `humlinphil-journal' on page 3 undefined on input line 
120.


LaTeX Warning: Citation `humlinphil-contrib' on page 3 undefined on input line 
120.


LaTeX Warning: Citation `humlinphil-mono' on page 3 undefined on input line 120
.


LaTeX Warning: Citation `humlinphil-online' on page 3 undefined on input line 1
20.


LaTeX Warning: Citation `humlinphil-DOI' on page 3 undefined on input line 120.



LaTeX Warning: Citation `basic-contrib' on page 3 undefined on input line 120.


LaTeX Warning: Citation `basic-online' on page 3 undefined on input line 120.


LaTeX Warning: Citation `basic-journal' on page 3 undefined on input line 120.


LaTeX Warning: Citation `basic-DOI' on page 3 undefined on input line 120.


LaTeX Warning: Citation `basic-mono' on page 3 undefined on input line 120.


LaTeX Warning: Empty `thebibliography' environment on input line 121.

) [3]
\openout2 = `chapter1.aux'.

 (./chapter1.tex [4




] [5]

LaTeX Warning: Citation `science-contrib' on page 6 undefined on input line 41.



LaTeX Warning: Citation `science-online' on page 6 undefined on input line 41.


LaTeX Warning: Citation `science-mono' on page 6 undefined on input line 41.


LaTeX Warning: Citation `science-journal' on page 6 undefined on input line 41.



LaTeX Warning: Citation `science-DOI' on page 6 undefined on input line 41.


LaTeX Warning: Citation `phys-online' on page 6 undefined on input line 41.


LaTeX Warning: Citation `phys-mono' on page 6 undefined on input line 41.


LaTeX Warning: Citation `phys-journal' on page 6 undefined on input line 41.


LaTeX Warning: Citation `phys-DOI' on page 6 undefined on input line 41.


LaTeX Warning: Citation `phys-contrib' on page 6 undefined on input line 41.


LaTeX Warning: Citation `psysoc-mono' on page 6 undefined on input line 41.


LaTeX Warning: Citation `psysoc-online' on page 6 undefined on input line 41.


LaTeX Warning: Citation `psysoc-journal' on page 6 undefined on input line 41.


LaTeX Warning: Citation `psysoc-contrib' on page 6 undefined on input line 41.


LaTeX Warning: Citation `psysoc-DOI' on page 6 undefined on input line 41.


LaTeX Warning: Citation `humlinphil-journal' on page 6 undefined on input line 
41.


LaTeX Warning: Citation `humlinphil-contrib' on page 6 undefined on input line 
41.


LaTeX Warning: Citation `humlinphil-mono' on page 6 undefined on input line 41.



LaTeX Warning: Citation `humlinphil-online' on page 6 undefined on input line 4
1.


LaTeX Warning: Citation `humlinphil-DOI' on page 6 undefined on input line 41.


LaTeX Warning: Citation `basic-contrib' on page 6 undefined on input line 41.


LaTeX Warning: Citation `basic-online' on page 6 undefined on input line 41.


LaTeX Warning: Citation `basic-journal' on page 6 undefined on input line 41.


LaTeX Warning: Citation `basic-DOI' on page 6 undefined on input line 41.


LaTeX Warning: Citation `basic-mono' on page 6 undefined on input line 41.


LaTeX Warning: Empty `thebibliography' environment on input line 43.

) [6]
\openout2 = `chapter2.aux'.

 (./chapter2.tex [7




]

LaTeX Warning: Citation `science-contrib' on page 8 undefined on input line 40.



LaTeX Warning: Citation `science-online' on page 8 undefined on input line 40.


LaTeX Warning: Citation `science-mono' on page 8 undefined on input line 40.


LaTeX Warning: Citation `science-journal' on page 8 undefined on input line 40.



LaTeX Warning: Citation `science-DOI' on page 8 undefined on input line 40.


LaTeX Warning: Citation `phys-online' on page 8 undefined on input line 40.


LaTeX Warning: Citation `phys-mono' on page 8 undefined on input line 40.


LaTeX Warning: Citation `phys-journal' on page 8 undefined on input line 40.


LaTeX Warning: Citation `phys-DOI' on page 8 undefined on input line 40.


LaTeX Warning: Citation `phys-contrib' on page 8 undefined on input line 40.


LaTeX Warning: Citation `psysoc-mono' on page 8 undefined on input line 40.


LaTeX Warning: Citation `psysoc-online' on page 8 undefined on input line 40.


LaTeX Warning: Citation `psysoc-journal' on page 8 undefined on input line 40.


LaTeX Warning: Citation `psysoc-contrib' on page 8 undefined on input line 40.


LaTeX Warning: Citation `psysoc-DOI' on page 8 undefined on input line 40.


LaTeX Warning: Citation `humlinphil-journal' on page 8 undefined on input line 
40.


LaTeX Warning: Citation `humlinphil-contrib' on page 8 undefined on input line 
40.


LaTeX Warning: Citation `humlinphil-mono' on page 8 undefined on input line 40.



LaTeX Warning: Citation `humlinphil-online' on page 8 undefined on input line 4
0.


LaTeX Warning: Citation `humlinphil-DOI' on page 8 undefined on input line 40.


LaTeX Warning: Citation `basic-contrib' on page 8 undefined on input line 40.


LaTeX Warning: Citation `basic-online' on page 8 undefined on input line 40.


LaTeX Warning: Citation `basic-journal' on page 8 undefined on input line 40.


LaTeX Warning: Citation `basic-DOI' on page 8 undefined on input line 40.


LaTeX Warning: Citation `basic-mono' on page 8 undefined on input line 40.

) [8]
\openout2 = `chapter3.aux'.

 (./chapter3.tex [9




]

LaTeX Warning: Citation `science-contrib' on page 10 undefined on input line 38
.


LaTeX Warning: Citation `science-online' on page 10 undefined on input line 38.



LaTeX Warning: Citation `science-mono' on page 10 undefined on input line 38.


LaTeX Warning: Citation `science-journal' on page 10 undefined on input line 38
.


LaTeX Warning: Citation `science-DOI' on page 10 undefined on input line 38.


LaTeX Warning: Citation `phys-online' on page 10 undefined on input line 38.


LaTeX Warning: Citation `phys-mono' on page 10 undefined on input line 38.


LaTeX Warning: Citation `phys-journal' on page 10 undefined on input line 38.


LaTeX Warning: Citation `phys-DOI' on page 10 undefined on input line 38.


LaTeX Warning: Citation `phys-contrib' on page 10 undefined on input line 38.


LaTeX Warning: Citation `psysoc-mono' on page 10 undefined on input line 38.


LaTeX Warning: Citation `psysoc-online' on page 10 undefined on input line 38.


LaTeX Warning: Citation `psysoc-journal' on page 10 undefined on input line 38.



LaTeX Warning: Citation `psysoc-contrib' on page 10 undefined on input line 38.



LaTeX Warning: Citation `psysoc-DOI' on page 10 undefined on input line 38.


LaTeX Warning: Citation `humlinphil-journal' on page 10 undefined on input line
 38.


LaTeX Warning: Citation `humlinphil-contrib' on page 10 undefined on input line
 38.


LaTeX Warning: Citation `humlinphil-mono' on page 10 undefined on input line 38
.


LaTeX Warning: Citation `humlinphil-online' on page 10 undefined on input line 
38.


LaTeX Warning: Citation `humlinphil-DOI' on page 10 undefined on input line 38.



LaTeX Warning: Citation `basic-contrib' on page 10 undefined on input line 38.


LaTeX Warning: Citation `basic-online' on page 10 undefined on input line 38.


LaTeX Warning: Citation `basic-journal' on page 10 undefined on input line 38.


LaTeX Warning: Citation `basic-DOI' on page 10 undefined on input line 38.


LaTeX Warning: Citation `basic-mono' on page 10 undefined on input line 38.


LaTeX Warning: Empty `thebibliography' environment on input line 39.

) [10]
\openout2 = `chapter4.aux'.

 (./chapter4.tex [11




]

LaTeX Warning: Citation `science-contrib' on page 12 undefined on input line 40
.


LaTeX Warning: Citation `science-online' on page 12 undefined on input line 40.



LaTeX Warning: Citation `science-mono' on page 12 undefined on input line 40.


LaTeX Warning: Citation `science-journal' on page 12 undefined on input line 40
.


LaTeX Warning: Citation `science-DOI' on page 12 undefined on input line 40.


LaTeX Warning: Citation `phys-online' on page 12 undefined on input line 40.


LaTeX Warning: Citation `phys-mono' on page 12 undefined on input line 40.


LaTeX Warning: Citation `phys-journal' on page 12 undefined on input line 40.


LaTeX Warning: Citation `phys-DOI' on page 12 undefined on input line 40.


LaTeX Warning: Citation `phys-contrib' on page 12 undefined on input line 40.


LaTeX Warning: Citation `psysoc-mono' on page 12 undefined on input line 40.


LaTeX Warning: Citation `psysoc-online' on page 12 undefined on input line 40.


LaTeX Warning: Citation `psysoc-journal' on page 12 undefined on input line 40.



LaTeX Warning: Citation `psysoc-contrib' on page 12 undefined on input line 40.



LaTeX Warning: Citation `psysoc-DOI' on page 12 undefined on input line 40.


LaTeX Warning: Citation `humlinphil-journal' on page 12 undefined on input line
 40.


LaTeX Warning: Citation `humlinphil-contrib' on page 12 undefined on input line
 40.


LaTeX Warning: Citation `humlinphil-mono' on page 12 undefined on input line 40
.


LaTeX Warning: Citation `humlinphil-online' on page 12 undefined on input line 
40.


LaTeX Warning: Citation `humlinphil-DOI' on page 12 undefined on input line 40.



LaTeX Warning: Citation `basic-contrib' on page 12 undefined on input line 40.


LaTeX Warning: Citation `basic-online' on page 12 undefined on input line 40.


LaTeX Warning: Citation `basic-journal' on page 12 undefined on input line 40.


LaTeX Warning: Citation `basic-DOI' on page 12 undefined on input line 40.


LaTeX Warning: Citation `basic-mono' on page 12 undefined on input line 40.


LaTeX Warning: Empty `thebibliography' environment on input line 41.

) [12]
\openout2 = `chapter5.aux'.

 (./chapter5.tex [13




]

LaTeX Warning: Citation `science-contrib' on page 14 undefined on input line 37
.


LaTeX Warning: Citation `science-online' on page 14 undefined on input line 37.



LaTeX Warning: Citation `science-mono' on page 14 undefined on input line 37.


LaTeX Warning: Citation `science-journal' on page 14 undefined on input line 37
.


LaTeX Warning: Citation `science-DOI' on page 14 undefined on input line 37.


LaTeX Warning: Citation `phys-online' on page 14 undefined on input line 37.


LaTeX Warning: Citation `phys-mono' on page 14 undefined on input line 37.


LaTeX Warning: Citation `phys-journal' on page 14 undefined on input line 37.


LaTeX Warning: Citation `phys-DOI' on page 14 undefined on input line 37.


LaTeX Warning: Citation `phys-contrib' on page 14 undefined on input line 37.


LaTeX Warning: Citation `psysoc-mono' on page 14 undefined on input line 37.


LaTeX Warning: Citation `psysoc-online' on page 14 undefined on input line 37.


LaTeX Warning: Citation `psysoc-journal' on page 14 undefined on input line 37.



LaTeX Warning: Citation `psysoc-contrib' on page 14 undefined on input line 37.



LaTeX Warning: Citation `psysoc-DOI' on page 14 undefined on input line 37.


LaTeX Warning: Citation `humlinphil-journal' on page 14 undefined on input line
 37.


LaTeX Warning: Citation `humlinphil-contrib' on page 14 undefined on input line
 37.


LaTeX Warning: Citation `humlinphil-mono' on page 14 undefined on input line 37
.


LaTeX Warning: Citation `humlinphil-online' on page 14 undefined on input line 
37.


LaTeX Warning: Citation `humlinphil-DOI' on page 14 undefined on input line 37.



LaTeX Warning: Citation `basic-contrib' on page 14 undefined on input line 37.


LaTeX Warning: Citation `basic-online' on page 14 undefined on input line 37.


LaTeX Warning: Citation `basic-journal' on page 14 undefined on input line 37.


LaTeX Warning: Citation `basic-DOI' on page 14 undefined on input line 37.


LaTeX Warning: Citation `basic-mono' on page 14 undefined on input line 37.


LaTeX Warning: Empty `thebibliography' environment on input line 38.

) [14]
\openout2 = `chapter6.aux'.

 (./chapter6.tex [15




]

LaTeX Warning: Citation `science-contrib' on page 16 undefined on input line 41
.


LaTeX Warning: Citation `science-online' on page 16 undefined on input line 41.



LaTeX Warning: Citation `science-mono' on page 16 undefined on input line 41.


LaTeX Warning: Citation `science-journal' on page 16 undefined on input line 41
.


LaTeX Warning: Citation `science-DOI' on page 16 undefined on input line 41.


LaTeX Warning: Citation `phys-online' on page 16 undefined on input line 41.


LaTeX Warning: Citation `phys-mono' on page 16 undefined on input line 41.


LaTeX Warning: Citation `phys-journal' on page 16 undefined on input line 41.


LaTeX Warning: Citation `phys-DOI' on page 16 undefined on input line 41.


LaTeX Warning: Citation `phys-contrib' on page 16 undefined on input line 41.


LaTeX Warning: Citation `psysoc-mono' on page 16 undefined on input line 41.


LaTeX Warning: Citation `psysoc-online' on page 16 undefined on input line 41.


LaTeX Warning: Citation `psysoc-journal' on page 16 undefined on input line 41.



LaTeX Warning: Citation `psysoc-contrib' on page 16 undefined on input line 41.



LaTeX Warning: Citation `psysoc-DOI' on page 16 undefined on input line 41.


LaTeX Warning: Citation `humlinphil-journal' on page 16 undefined on input line
 41.


LaTeX Warning: Citation `humlinphil-contrib' on page 16 undefined on input line
 41.


LaTeX Warning: Citation `humlinphil-mono' on page 16 undefined on input line 41
.


LaTeX Warning: Citation `humlinphil-online' on page 16 undefined on input line 
41.


LaTeX Warning: Citation `humlinphil-DOI' on page 16 undefined on input line 41.



LaTeX Warning: Citation `basic-contrib' on page 16 undefined on input line 41.


LaTeX Warning: Citation `basic-online' on page 16 undefined on input line 41.


LaTeX Warning: Citation `basic-journal' on page 16 undefined on input line 41.


LaTeX Warning: Citation `basic-DOI' on page 16 undefined on input line 41.


LaTeX Warning: Citation `basic-mono' on page 16 undefined on input line 41.


LaTeX Warning: Empty `thebibliography' environment on input line 42.

) [16]
\openout2 = `chapter7.aux'.

 (./chapter7.tex [17




]

LaTeX Warning: Citation `science-contrib' on page 18 undefined on input line 42
.


LaTeX Warning: Citation `science-online' on page 18 undefined on input line 42.



LaTeX Warning: Citation `science-mono' on page 18 undefined on input line 42.


LaTeX Warning: Citation `science-journal' on page 18 undefined on input line 42
.


LaTeX Warning: Citation `science-DOI' on page 18 undefined on input line 42.


LaTeX Warning: Citation `phys-online' on page 18 undefined on input line 42.


LaTeX Warning: Citation `phys-mono' on page 18 undefined on input line 42.


LaTeX Warning: Citation `phys-journal' on page 18 undefined on input line 42.


LaTeX Warning: Citation `phys-DOI' on page 18 undefined on input line 42.


LaTeX Warning: Citation `phys-contrib' on page 18 undefined on input line 42.


LaTeX Warning: Citation `psysoc-mono' on page 18 undefined on input line 42.


LaTeX Warning: Citation `psysoc-online' on page 18 undefined on input line 42.


LaTeX Warning: Citation `psysoc-journal' on page 18 undefined on input line 42.



LaTeX Warning: Citation `psysoc-contrib' on page 18 undefined on input line 42.



LaTeX Warning: Citation `psysoc-DOI' on page 18 undefined on input line 42.


LaTeX Warning: Citation `humlinphil-journal' on page 18 undefined on input line
 42.


LaTeX Warning: Citation `humlinphil-contrib' on page 18 undefined on input line
 42.


LaTeX Warning: Citation `humlinphil-mono' on page 18 undefined on input line 42
.


LaTeX Warning: Citation `humlinphil-online' on page 18 undefined on input line 
42.


LaTeX Warning: Citation `humlinphil-DOI' on page 18 undefined on input line 42.



LaTeX Warning: Citation `basic-contrib' on page 18 undefined on input line 42.


LaTeX Warning: Citation `basic-online' on page 18 undefined on input line 42.


LaTeX Warning: Citation `basic-journal' on page 18 undefined on input line 42.


LaTeX Warning: Citation `basic-DOI' on page 18 undefined on input line 42.


LaTeX Warning: Citation `basic-mono' on page 18 undefined on input line 42.


LaTeX Warning: Empty `thebibliography' environment on input line 43.

) [18]
\openout2 = `chapter8.aux'.

 (./chapter8.tex
LaTeX Font Info:    Font shape `T1/fve/b/it' in size <12> not available
(Font)              Font shape `T1/fve/b/sl' tried instead on input line 14.
LaTeX Font Info:    Font shape `T1/fve/b/sl' will be
(Font)              scaled to size 10.79993pt on input line 14.
 [19




] [20] [21] [22] [23] [24] [25] [26] [27] [28]
[29] [30] [31] [32] [33] [34] [35] [36] [37] [38] [39] [40] [41] [42] [43])
[44]
\openout2 = `summary.aux'.

 (./summary.tex) [45




]
Package atveryend Info: Empty hook `BeforeClearDocument' on input line 77.
Package atveryend Info: Empty hook `AfterLastShipout' on input line 77.
 (./book.aux (./preface.aux) (./introduction.aux)
(./chapter1.aux) (./chapter2.aux) (./chapter3.aux) (./chapter4.aux)
(./chapter5.aux) (./chapter6.aux) (./chapter7.aux) (./chapter8.aux)
(./summary.aux))
Package atveryend Info: Executing hook `AtVeryEndDocument' on input line 77.
Package atveryend Info: Executing hook `AtEndAfterFileList' on input line 77.
Package rerunfilecheck Info: File `book.out' has not changed.
(rerunfilecheck)             Checksum: 15D0F8BD0498F1BC9C328A41DD080C4E;8071.


LaTeX Warning: There were undefined references.

Package atveryend Info: Empty hook `AtVeryVeryEnd' on input line 77.
 ) 
Here is how much of TeX's memory you used:
 12929 strings out of 493488
 188759 string characters out of 3141326
 339329 words of memory out of 3000000
 15664 multiletter control sequences out of 15000+200000
 99726 words of font info for 137 fonts, out of 3000000 for 9000
 957 hyphenation exceptions out of 8191
 33i,14n,38p,901b,392s stack positions out of 5000i,500n,10000p,200000b,50000s
{/usr/local/texlive/2012/texmf-dist/fonts/enc/dvips/base/8r.enc}</usr/local/t
exlive/2012/texmf-dist/fonts/type1/public/amsfonts/cm/cmex10.pfb></usr/local/te
xlive/2012/texmf-dist/fonts/type1/public/amsfonts/cm/cmmi10.pfb></usr/local/tex
live/2012/texmf-dist/fonts/type1/public/amsfonts/cm/cmr10.pfb></usr/local/texli
ve/2012/texmf-dist/fonts/type1/public/amsfonts/cm/cmsy10.pfb></usr/local/texliv
e/2012/texmf-dist/fonts/type1/public/bera/fveb8a.pfb></usr/local/texlive/2012/t
exmf-dist/fonts/type1/public/bera/fveb8a.pfb></usr/local/texlive/2012/texmf-dis
t/fonts/type1/public/bera/fver8a.pfb></usr/local/texlive/2012/texmf-dist/fonts/
type1/public/bera/fver8a.pfb></usr/local/texlive/2012/texmf-dist/fonts/type1/pu
blic/bera/fvmr8a.pfb></usr/local/texlive/2012/texmf-dist/fonts/type1/urw/symbol
/usyr.pfb></usr/local/texlive/2012/texmf-dist/fonts/type1/urw/symbol/usyr.pfb><
/usr/local/texlive/2012/texmf-dist/fonts/type1/urw/times/utmb8a.pfb></usr/local
/texlive/2012/texmf-dist/fonts/type1/urw/times/utmr8a.pfb></usr/local/texlive/2
012/texmf-dist/fonts/type1/urw/times/utmri8a.pfb>
Output written on book.pdf (54 pages, 250815 bytes).
PDF statistics:
 967 PDF objects out of 1000 (max. 8388607)
 888 compressed objects within 9 object streams
 207 named destinations out of 1000 (max. 500000)
 785 words of extra memory for PDF output out of 10000 (max. 10000000)

