This is pdfTeX, Version 3.14159265-2.6-1.40.16 (TeX Live 2015) (preloaded format=pdflatex 2015.5.24)  31 MAY 2016 23:00
entering extended mode
 restricted \write18 enabled.
 %&-line parsing enabled.
**lnp
(./lnp.tex
LaTeX2e <2015/01/01>
Babel <3.9l> and hyphenation patterns for 79 languages loaded.
(./svmult.cls
Document Class: svmult 2007/06/25 v5.4 
Springer Verlag global LaTeX document class for multi authored books

Class Springer-SVMult Warning: Specified option or subpackage "sectrefs" 
(Springer-SVMult)              not found - passing it to article class 
(Springer-SVMult)              - on input line 221.

Class Springer-SVMult Info: extra/valid Springer sub-package 
(Springer-SVMult)           not found in option list - using "global" style.
(/usr/local/texlive/2015/texmf-dist/tex/latex/base/article.cls
Document Class: article 2014/09/29 v1.4h Standard LaTeX document class
(/usr/local/texlive/2015/texmf-dist/tex/latex/base/size10.clo
File: size10.clo 2014/09/29 v1.4h Standard LaTeX file (size option)
)
\c@part=\count79
\c@section=\count80
\c@subsection=\count81
\c@subsubsection=\count82
\c@paragraph=\count83
\c@subparagraph=\count84
\c@figure=\count85
\c@table=\count86
\abovecaptionskip=\skip41
\belowcaptionskip=\skip42
\bibindent=\dimen102
)
\svparindent=\dimen103
\bibindent=\dimen104
\betweenumberspace=\dimen105
\headlineindent=\dimen106
\minitoc=\write3
\c@minitocdepth=\count87
\c@chapter=\count88
\mottowidth=\dimen107
\svitemindent=\dimen108
\verbatimindent=\dimen109
LaTeX Font Info:    Redeclaring math symbol \Gamma on input line 963.
LaTeX Font Info:    Redeclaring math symbol \Delta on input line 964.
LaTeX Font Info:    Redeclaring math symbol \Theta on input line 965.
LaTeX Font Info:    Redeclaring math symbol \Lambda on input line 966.
LaTeX Font Info:    Redeclaring math symbol \Xi on input line 967.
LaTeX Font Info:    Redeclaring math symbol \Pi on input line 968.
LaTeX Font Info:    Redeclaring math symbol \Sigma on input line 969.
LaTeX Font Info:    Redeclaring math symbol \Upsilon on input line 970.
LaTeX Font Info:    Redeclaring math symbol \Phi on input line 971.
LaTeX Font Info:    Redeclaring math symbol \Psi on input line 972.
LaTeX Font Info:    Redeclaring math symbol \Omega on input line 973.
\tocchpnum=\dimen110
\tocsecnum=\dimen111
\tocsectotal=\dimen112
\tocsubsecnum=\dimen113
\tocsubsectotal=\dimen114
\tocsubsubsecnum=\dimen115
\tocsubsubsectotal=\dimen116
\tocparanum=\dimen117
\tocparatotal=\dimen118
\tocsubparanum=\dimen119
\foot@parindent=\dimen120
\spthmsep=\dimen121
\c@theorem=\count89
\c@case=\count90
\c@conjecture=\count91
\c@corollary=\count92
\c@definition=\count93
\c@example=\count94
\c@exercise=\count95
\c@lemma=\count96
\c@note=\count97
\c@problem=\count98
\c@property=\count99
\c@proposition=\count100
\c@question=\count101
\c@solution=\count102
\c@remark=\count103
\c@prob=\count104
\instindent=\dimen122
\figgap=\dimen123
\bildb@x=\box26
\figcapgap=\dimen124
\tabcapgap=\dimen125
\c@merk=\count105
\c@@inst=\count106
\c@@auth=\count107
\c@auco=\count108
\instindent=\dimen126
\authrun=\box27
\authorrunning=\toks14
\tocauthor=\toks15
\titrun=\box28
\titlerunning=\toks16
\toctitle=\toks17
\c@contribution=\count109
LaTeX Info: Redefining \abstract on input line 2320.
)
(/usr/local/texlive/2015/texmf-dist/tex/latex/graphics/color.sty
Package: color 2014/10/28 v1.1a Standard LaTeX Color (DPC)

(/usr/local/texlive/2015/texmf-dist/tex/latex/latexconfig/color.cfg
File: color.cfg 2007/01/18 v1.5 color configuration of teTeX/TeXLive
)
Package color Info: Driver file: pdftex.def on input line 142.

(/usr/local/texlive/2015/texmf-dist/tex/latex/pdftex-def/pdftex.def
File: pdftex.def 2011/05/27 v0.06d Graphics/color for pdfTeX

(/usr/local/texlive/2015/texmf-dist/tex/generic/oberdiek/infwarerr.sty
Package: infwarerr 2010/04/08 v1.3 Providing info/warning/error messages (HO)
)
(/usr/local/texlive/2015/texmf-dist/tex/generic/oberdiek/ltxcmds.sty
Package: ltxcmds 2011/11/09 v1.22 LaTeX kernel commands for general use (HO)
)
\Gread@gobject=\count110
))
(/usr/local/texlive/2015/texmf-dist/tex/latex/framed/framed.sty
Package: framed 2011/10/22 v 0.96: framed or shaded text with page breaks
\OuterFrameSep=\skip43
\fb@frw=\dimen127
\fb@frh=\dimen128
\FrameRule=\dimen129
\FrameSep=\dimen130
)
(/usr/local/texlive/2015/texmf-dist/tex/latex/psnfss/mathptmx.sty
Package: mathptmx 2005/04/12 PSNFSS-v9.2a Times w/ Math, improved (SPQR, WaS) 
LaTeX Font Info:    Redeclaring symbol font `operators' on input line 28.
LaTeX Font Info:    Overwriting symbol font `operators' in version `normal'
(Font)                  OT1/cmr/m/n --> OT1/ztmcm/m/n on input line 28.
LaTeX Font Info:    Overwriting symbol font `operators' in version `bold'
(Font)                  OT1/cmr/bx/n --> OT1/ztmcm/m/n on input line 28.
LaTeX Font Info:    Redeclaring symbol font `letters' on input line 29.
LaTeX Font Info:    Overwriting symbol font `letters' in version `normal'
(Font)                  OML/cmm/m/it --> OML/ztmcm/m/it on input line 29.
LaTeX Font Info:    Overwriting symbol font `letters' in version `bold'
(Font)                  OML/cmm/b/it --> OML/ztmcm/m/it on input line 29.
LaTeX Font Info:    Redeclaring symbol font `symbols' on input line 30.
LaTeX Font Info:    Overwriting symbol font `symbols' in version `normal'
(Font)                  OMS/cmsy/m/n --> OMS/ztmcm/m/n on input line 30.
LaTeX Font Info:    Overwriting symbol font `symbols' in version `bold'
(Font)                  OMS/cmsy/b/n --> OMS/ztmcm/m/n on input line 30.
LaTeX Font Info:    Redeclaring symbol font `largesymbols' on input line 31.
LaTeX Font Info:    Overwriting symbol font `largesymbols' in version `normal'
(Font)                  OMX/cmex/m/n --> OMX/ztmcm/m/n on input line 31.
LaTeX Font Info:    Overwriting symbol font `largesymbols' in version `bold'
(Font)                  OMX/cmex/m/n --> OMX/ztmcm/m/n on input line 31.
\symbold=\mathgroup4
\symitalic=\mathgroup5
LaTeX Font Info:    Redeclaring math alphabet \mathbf on input line 34.
LaTeX Font Info:    Overwriting math alphabet `\mathbf' in version `normal'
(Font)                  OT1/cmr/bx/n --> OT1/ptm/bx/n on input line 34.
LaTeX Font Info:    Overwriting math alphabet `\mathbf' in version `bold'
(Font)                  OT1/cmr/bx/n --> OT1/ptm/bx/n on input line 34.
LaTeX Font Info:    Redeclaring math alphabet \mathit on input line 35.
LaTeX Font Info:    Overwriting math alphabet `\mathit' in version `normal'
(Font)                  OT1/cmr/m/it --> OT1/ptm/m/it on input line 35.
LaTeX Font Info:    Overwriting math alphabet `\mathit' in version `bold'
(Font)                  OT1/cmr/bx/it --> OT1/ptm/m/it on input line 35.
LaTeX Info: Redefining \hbar on input line 50.
)
(/usr/local/texlive/2015/texmf-dist/tex/latex/psnfss/helvet.sty
Package: helvet 2005/04/12 PSNFSS-v9.2a (WaS) 

(/usr/local/texlive/2015/texmf-dist/tex/latex/graphics/keyval.sty
Package: keyval 2014/10/28 v1.15 key=value parser (DPC)
\KV@toks@=\toks18
))
(/usr/local/texlive/2015/texmf-dist/tex/latex/psnfss/courier.sty
Package: courier 2005/04/12 PSNFSS-v9.2a (WaS) 
)
(/usr/local/texlive/2015/texmf-dist/tex/latex/braket/braket.sty)
(/usr/local/texlive/2015/texmf-dist/tex/latex/algorithmicx/algorithmicx.sty
Package: algorithmicx 2005/04/27 v1.2 Algorithmicx

(/usr/local/texlive/2015/texmf-dist/tex/latex/base/ifthen.sty
Package: ifthen 2014/09/29 v1.1c Standard LaTeX ifthen package (DPC)
)
Document Style algorithmicx 1.2 - a greatly improved `algorithmic' style
\c@ALG@line=\count111
\c@ALG@rem=\count112
\c@ALG@nested=\count113
\ALG@tlm=\skip44
\ALG@thistlm=\skip45
\c@ALG@Lnr=\count114
\c@ALG@blocknr=\count115
\c@ALG@storecount=\count116
\c@ALG@tmpcounter=\count117
\ALG@tmplength=\skip46
) (/usr/local/texlive/2015/texmf-dist/tex/latex/algorithmicx/algpseudocode.sty
Package: algpseudocode 

Document Style - pseudocode environments for use with the `algorithmicx' style
) (/usr/local/texlive/2015/texmf-dist/tex/latex/amsfonts/amsfonts.sty
Package: amsfonts 2013/01/14 v3.01 Basic AMSFonts support
\@emptytoks=\toks19
\symAMSa=\mathgroup6
\symAMSb=\mathgroup7
LaTeX Font Info:    Overwriting math alphabet `\mathfrak' in version `bold'
(Font)                  U/euf/m/n --> U/euf/b/n on input line 106.
)
(/usr/local/texlive/2015/texmf-dist/tex/latex/type1cm/type1cm.sty
Package: type1cm 2002/09/05 v0.04 BlueSky/Y&Y Type1 CM font definitions (DPC, p
atched RF)
)
(/usr/local/texlive/2015/texmf-dist/tex/latex/exercise/exercise.sty
Package: exercise 2014/10/20 v1.6 Exercise package (P.Pichaureau)
\ExerciseSkipBefore=\skip47
\ExerciseSkipAfter=\skip48
\AnswerSkipBefore=\skip49
\AnswerSkipAfter=\skip50
\Exesep=\skip51
\Exetopsep=\skip52
\Exeparsep=\skip53
\Exepartopsep=\skip54
\Exeleftmargin=\skip55
\Exerightmargin=\skip56
\Exelabelwidth=\skip57
\Exelabelsep=\skip58
\ExerciseBefore=\skip59
\QuestionBefore=\skip60
\subQuestionBefore=\skip61
\subsubQuestionBefore=\skip62
\QuestionIndent=\skip63
\subQuestionIndent=\skip64
\subsubQuestionIndent=\skip65
\c@Exercise=\count118
\c@Answer=\count119
\c@ExePart=\count120
\c@Question=\count121
\c@subQuestion=\count122
\c@subsubQuestion=\count123
\c@savedQuestion=\count124
\c@savedsubQuestion=\count125
\c@savedsubsubQuestion=\count126
\@QuestionLevel=\count127
\@Exercisebox=\box29
\all@Exercisebox=\box30
\temp@Exercisebox=\box31
\all@Answerbox=\box32
\temp@Answerbox=\box33
\ExerciseDifficulty=\count128
\QuestionDifficulty=\count129
\subQuestionDifficulty=\count130
\subsubQuestionDifficulty=\count131
\ExePartDifficulty=\count132
\@Answerbox=\box34
\colonnesLevel=\count133
\tempskipa=\skip66
\tempskipb=\skip67
\@savedmathindent=\skip68
)
(/usr/local/texlive/2015/texmf-dist/tex/latex/base/makeidx.sty
Package: makeidx 2014/09/29 v1.0m Standard LaTeX package
)
(/usr/local/texlive/2015/texmf-dist/tex/latex/graphics/graphicx.sty
Package: graphicx 2014/10/28 v1.0g Enhanced LaTeX Graphics (DPC,SPQR)

(/usr/local/texlive/2015/texmf-dist/tex/latex/graphics/graphics.sty
Package: graphics 2014/10/28 v1.0p Standard LaTeX Graphics (DPC,SPQR)

(/usr/local/texlive/2015/texmf-dist/tex/latex/graphics/trig.sty
Package: trig 1999/03/16 v1.09 sin cos tan (DPC)
)
(/usr/local/texlive/2015/texmf-dist/tex/latex/latexconfig/graphics.cfg
File: graphics.cfg 2010/04/23 v1.9 graphics configuration of TeX Live
)
Package graphics Info: Driver file: pdftex.def on input line 94.
)
\Gin@req@height=\dimen131
\Gin@req@width=\dimen132
)
(/usr/local/texlive/2015/texmf-dist/tex/latex/tools/multicol.sty
Package: multicol 2015/03/31 v1.8m multicolumn formatting (FMi)
\c@tracingmulticols=\count134
\mult@box=\box35
\multicol@leftmargin=\dimen133
\c@unbalance=\count135
\c@collectmore=\count136
\doublecol@number=\count137
\multicoltolerance=\count138
\multicolpretolerance=\count139
\full@width=\dimen134
\page@free=\dimen135
\premulticols=\dimen136
\postmulticols=\dimen137
\multicolsep=\skip69
\multicolbaselineskip=\skip70
\partial@page=\box36
\last@line=\box37
\maxbalancingoverflow=\dimen138
\mult@rightbox=\box38
\mult@grightbox=\box39
\mult@gfirstbox=\box40
\mult@firstbox=\box41
\@tempa=\box42
\@tempa=\box43
\@tempa=\box44
\@tempa=\box45
\@tempa=\box46
\@tempa=\box47
\@tempa=\box48
\@tempa=\box49
\@tempa=\box50
\@tempa=\box51
\@tempa=\box52
\@tempa=\box53
\@tempa=\box54
\@tempa=\box55
\@tempa=\box56
\@tempa=\box57
\@tempa=\box58
\c@columnbadness=\count140
\c@finalcolumnbadness=\count141
\last@try=\dimen139
\multicolovershoot=\dimen140
\multicolundershoot=\dimen141
\mult@nat@firstbox=\box59
\colbreak@box=\box60
\mc@col@check@num=\count142
)
(/usr/local/texlive/2015/texmf-dist/tex/latex/footmisc/footmisc.sty
Package: footmisc 2011/06/06 v5.5b a miscellany of footnote facilities
\FN@temptoken=\toks20
\footnotemargin=\dimen142
\c@pp@next@reset=\count143
Package footmisc Info: Declaring symbol style bringhurst on input line 855.
Package footmisc Info: Declaring symbol style chicago on input line 863.
Package footmisc Info: Declaring symbol style wiley on input line 872.
Package footmisc Info: Declaring symbol style lamport-robust on input line 883.

Package footmisc Info: Declaring symbol style lamport* on input line 903.
Package footmisc Info: Declaring symbol style lamport*-robust on input line 924
.
)
(/usr/local/texlive/2015/texmf-dist/tex/latex/xcolor/xcolor.sty
Package: xcolor 2007/01/21 v2.11 LaTeX color extensions (UK)

(/usr/local/texlive/2015/texmf-dist/tex/latex/latexconfig/color.cfg
File: color.cfg 2007/01/18 v1.5 color configuration of teTeX/TeXLive
)
Package xcolor Info: Package option `usenames' ignored on input line 216.
Package xcolor Info: Driver file: pdftex.def on input line 225.
LaTeX Info: Redefining \color on input line 702.
Package xcolor Info: Model `cmy' substituted by `cmy0' on input line 1337.
Package xcolor Info: Model `hsb' substituted by `rgb' on input line 1341.
Package xcolor Info: Model `RGB' extended on input line 1353.
Package xcolor Info: Model `HTML' substituted by `rgb' on input line 1355.
Package xcolor Info: Model `Hsb' substituted by `hsb' on input line 1356.
Package xcolor Info: Model `tHsb' substituted by `hsb' on input line 1357.
Package xcolor Info: Model `HSB' substituted by `hsb' on input line 1358.
Package xcolor Info: Model `Gray' substituted by `gray' on input line 1359.
Package xcolor Info: Model `wave' substituted by `hsb' on input line 1360.

(/usr/local/texlive/2015/texmf-dist/tex/latex/graphics/dvipsnam.def
File: dvipsnam.def 2014/10/14 v3.0j Driver-dependent file (DPC,SPQR)
)
(/usr/local/texlive/2015/texmf-dist/tex/latex/xcolor/x11nam.def
File: x11nam.def 2007/01/21 v2.11 Predefined colors according to Unix/X11 (UK)
))
(/usr/local/texlive/2015/texmf-dist/tex/latex/listings/listings.sty
\lst@mode=\count144
\lst@gtempboxa=\box61
\lst@token=\toks21
\lst@length=\count145
\lst@currlwidth=\dimen143
\lst@column=\count146
\lst@pos=\count147
\lst@lostspace=\dimen144
\lst@width=\dimen145
\lst@newlines=\count148
\lst@lineno=\count149
\lst@maxwidth=\dimen146

(/usr/local/texlive/2015/texmf-dist/tex/latex/listings/lstmisc.sty
File: lstmisc.sty 2014/09/06 1.5e (Carsten Heinz)
\c@lstnumber=\count150
\lst@skipnumbers=\count151
\lst@framebox=\box62
)
(/usr/local/texlive/2015/texmf-dist/tex/latex/listings/listings.cfg
File: listings.cfg 2014/09/06 1.5e listings configuration
))
Package: listings 2014/09/06 1.5e (Carsten Heinz)

(/usr/local/texlive/2015/texmf-dist/tex/latex/eepic/epic.sty
Enhancements to Picture Environment. Version 1.2 - Released June 1, 1986
\@@multicnt=\count152
\d@lta=\count153
\@delta=\dimen147
\@@delta=\dimen148
\@gridcnt=\count154
\@joinkind=\count155
\@dotgap=\dimen149
\@ddotgap=\dimen150
\@x@diff=\count156
\@y@diff=\count157
\x@diff=\dimen151
\y@diff=\dimen152
\@dotbox=\box63
\num@segments=\count158
\num@segmentsi=\count159
\@datafile=\read1
) (/usr/local/texlive/2015/texmf-dist/tex/latex/eepic/eepic.sty
Extension to Epic and LaTeX. Version 1.1e - Released Dec 21, 1999
\@gphlinewidth=\count160
\@eepictcnt=\count161
\@tempdimc=\dimen153
\maxovaldiam=\dimen154
\@filltype=\box64
) (/usr/local/texlive/2015/texmf-dist/tex/latex/a4wide/a4wide.sty
Package: a4wide 1994/08/30

(/usr/local/texlive/2015/texmf-dist/tex/latex/ntgclass/a4.sty
Package: a4 2004/04/15 v1.2g A4 based page layout
))
(/usr/local/texlive/2015/texmf-dist/tex/latex/amsmath/amsmath.sty
Package: amsmath 2013/01/14 v2.14 AMS math features
\@mathmargin=\skip71

For additional information on amsmath, use the `?' option.
(/usr/local/texlive/2015/texmf-dist/tex/latex/amsmath/amstext.sty
Package: amstext 2000/06/29 v2.01

(/usr/local/texlive/2015/texmf-dist/tex/latex/amsmath/amsgen.sty
File: amsgen.sty 1999/11/30 v2.0
\@emptytoks=\toks22
\ex@=\dimen155
))
(/usr/local/texlive/2015/texmf-dist/tex/latex/amsmath/amsbsy.sty
Package: amsbsy 1999/11/29 v1.2d
\pmbraise@=\dimen156
)
(/usr/local/texlive/2015/texmf-dist/tex/latex/amsmath/amsopn.sty
Package: amsopn 1999/12/14 v2.01 operator names
)
\inf@bad=\count162
LaTeX Info: Redefining \frac on input line 210.
\uproot@=\count163
\leftroot@=\count164
LaTeX Info: Redefining \overline on input line 306.
\classnum@=\count165
\DOTSCASE@=\count166
LaTeX Info: Redefining \ldots on input line 378.
LaTeX Info: Redefining \dots on input line 381.
LaTeX Info: Redefining \cdots on input line 466.
\Mathstrutbox@=\box65
\strutbox@=\box66
\big@size=\dimen157
LaTeX Font Info:    Redeclaring font encoding OML on input line 566.
LaTeX Font Info:    Redeclaring font encoding OMS on input line 567.


Package amsmath Warning: Unable to redefine math accent \vec.

\macc@depth=\count167
\c@MaxMatrixCols=\count168
\dotsspace@=\muskip10
\c@parentequation=\count169
\dspbrk@lvl=\count170
\tag@help=\toks23
\row@=\count171
\column@=\count172
\maxfields@=\count173
\andhelp@=\toks24
\eqnshift@=\dimen158
\alignsep@=\dimen159
\tagshift@=\dimen160
\tagwidth@=\dimen161
\totwidth@=\dimen162
\lineht@=\dimen163
\@envbody=\toks25
\multlinegap=\skip72
\multlinetaggap=\skip73
\mathdisplay@stack=\toks26
LaTeX Info: Redefining \[ on input line 2665.
LaTeX Info: Redefining \] on input line 2666.
) (/usr/local/texlive/2015/texmf-dist/tex/latex/amsfonts/amssymb.sty
Package: amssymb 2013/01/14 v3.01 AMS font symbols
)
(/usr/local/texlive/2015/texmf-dist/tex/latex/base/fontenc.sty
Package: fontenc 2005/09/27 v1.99g Standard LaTeX package

(/usr/local/texlive/2015/texmf-dist/tex/latex/base/t1enc.def
File: t1enc.def 2005/09/27 v1.99g Standard LaTeX file
LaTeX Font Info:    Redeclaring font encoding T1 on input line 48.
))
(/usr/local/texlive/2015/texmf-dist/tex/latex/cite/cite.sty
LaTeX Info: Redefining \cite on input line 302.
LaTeX Info: Redefining \nocite on input line 332.
Package: cite 2015/02/27  v 5.5
)
(/usr/local/texlive/2015/texmf-dist/tex/latex/shadow/shadow.sty
Package: shadow 2003/02/19 v1.3 shadow boxes (M.O.)
\txtwdth=\dimen164
\sht=\dimen165
\shw=\dimen166
\shbox=\box67
\sboxsep=\dimen167
\sboxrule=\dimen168
\sdim=\dimen169
)
(/usr/local/texlive/2015/texmf-dist/tex/latex/hyperref/hyperref.sty
Package: hyperref 2012/11/06 v6.83m Hypertext links for LaTeX

(/usr/local/texlive/2015/texmf-dist/tex/generic/oberdiek/hobsub-hyperref.sty
Package: hobsub-hyperref 2012/05/28 v1.13 Bundle oberdiek, subset hyperref (HO)


(/usr/local/texlive/2015/texmf-dist/tex/generic/oberdiek/hobsub-generic.sty
Package: hobsub-generic 2012/05/28 v1.13 Bundle oberdiek, subset generic (HO)
Package: hobsub 2012/05/28 v1.13 Construct package bundles (HO)
Package hobsub Info: Skipping package `infwarerr' (already loaded).
Package hobsub Info: Skipping package `ltxcmds' (already loaded).
Package: ifluatex 2010/03/01 v1.3 Provides the ifluatex switch (HO)
Package ifluatex Info: LuaTeX not detected.
Package: ifvtex 2010/03/01 v1.5 Detect VTeX and its facilities (HO)
Package ifvtex Info: VTeX not detected.
Package: intcalc 2007/09/27 v1.1 Expandable calculations with integers (HO)
Package: ifpdf 2011/01/30 v2.3 Provides the ifpdf switch (HO)
Package ifpdf Info: pdfTeX in PDF mode is detected.
Package: etexcmds 2011/02/16 v1.5 Avoid name clashes with e-TeX commands (HO)
Package etexcmds Info: Could not find \expanded.
(etexcmds)             That can mean that you are not using pdfTeX 1.50 or
(etexcmds)             that some package has redefined \expanded.
(etexcmds)             In the latter case, load this package earlier.
Package: kvsetkeys 2012/04/25 v1.16 Key value parser (HO)
Package: kvdefinekeys 2011/04/07 v1.3 Define keys (HO)
Package: pdftexcmds 2011/11/29 v0.20 Utility functions of pdfTeX for LuaTeX (HO
)
Package pdftexcmds Info: LuaTeX not detected.
Package pdftexcmds Info: \pdf@primitive is available.
Package pdftexcmds Info: \pdf@ifprimitive is available.
Package pdftexcmds Info: \pdfdraftmode found.
Package: pdfescape 2011/11/25 v1.13 Implements pdfTeX's escape features (HO)
Package: bigintcalc 2012/04/08 v1.3 Expandable calculations on big integers (HO
)
Package: bitset 2011/01/30 v1.1 Handle bit-vector datatype (HO)
Package: uniquecounter 2011/01/30 v1.2 Provide unlimited unique counter (HO)
)
Package hobsub Info: Skipping package `hobsub' (already loaded).
Package: letltxmacro 2010/09/02 v1.4 Let assignment for LaTeX macros (HO)
Package: hopatch 2012/05/28 v1.2 Wrapper for package hooks (HO)
Package: xcolor-patch 2011/01/30 xcolor patch
Package: atveryend 2011/06/30 v1.8 Hooks at the very end of document (HO)
Package atveryend Info: \enddocument detected (standard20110627).
Package: atbegshi 2011/10/05 v1.16 At begin shipout hook (HO)
Package: refcount 2011/10/16 v3.4 Data extraction from label references (HO)
Package: hycolor 2011/01/30 v1.7 Color options for hyperref/bookmark (HO)
)
(/usr/local/texlive/2015/texmf-dist/tex/generic/ifxetex/ifxetex.sty
Package: ifxetex 2010/09/12 v0.6 Provides ifxetex conditional
)
(/usr/local/texlive/2015/texmf-dist/tex/latex/oberdiek/auxhook.sty
Package: auxhook 2011/03/04 v1.3 Hooks for auxiliary files (HO)
)
(/usr/local/texlive/2015/texmf-dist/tex/latex/oberdiek/kvoptions.sty
Package: kvoptions 2011/06/30 v3.11 Key value format for package options (HO)
)
\@linkdim=\dimen170
\Hy@linkcounter=\count174
\Hy@pagecounter=\count175

(/usr/local/texlive/2015/texmf-dist/tex/latex/hyperref/pd1enc.def
File: pd1enc.def 2012/11/06 v6.83m Hyperref: PDFDocEncoding definition (HO)
)
\Hy@SavedSpaceFactor=\count176

(/usr/local/texlive/2015/texmf-dist/tex/latex/latexconfig/hyperref.cfg
File: hyperref.cfg 2002/06/06 v1.2 hyperref configuration of TeXLive
)
Package hyperref Info: Hyper figures OFF on input line 4443.
Package hyperref Info: Link nesting OFF on input line 4448.
Package hyperref Info: Hyper index ON on input line 4451.
Package hyperref Info: Plain pages OFF on input line 4458.
Package hyperref Info: Backreferencing OFF on input line 4463.
Package hyperref Info: Implicit mode ON; LaTeX internals redefined.
Package hyperref Info: Bookmarks ON on input line 4688.
\c@Hy@tempcnt=\count177

(/usr/local/texlive/2015/texmf-dist/tex/latex/url/url.sty
\Urlmuskip=\muskip11
Package: url 2013/09/16  ver 3.4  Verb mode for urls, etc.
)
LaTeX Info: Redefining \url on input line 5041.
\XeTeXLinkMargin=\dimen171
\Fld@menulength=\count178
\Field@Width=\dimen172
\Fld@charsize=\dimen173
Package hyperref Info: Hyper figures OFF on input line 6295.
Package hyperref Info: Link nesting OFF on input line 6300.
Package hyperref Info: Hyper index ON on input line 6303.
Package hyperref Info: backreferencing OFF on input line 6310.
Package hyperref Info: Link coloring OFF on input line 6315.
Package hyperref Info: Link coloring with OCG OFF on input line 6320.
Package hyperref Info: PDF/A mode OFF on input line 6325.
LaTeX Info: Redefining \ref on input line 6365.
LaTeX Info: Redefining \pageref on input line 6369.
\Hy@abspage=\count179
\c@Item=\count180
\c@Hfootnote=\count181
)

Package hyperref Message: Driver (autodetected): hpdftex.

(/usr/local/texlive/2015/texmf-dist/tex/latex/hyperref/hpdftex.def
File: hpdftex.def 2012/11/06 v6.83m Hyperref driver for pdfTeX
\Fld@listcount=\count182
\c@bookmark@seq@number=\count183

(/usr/local/texlive/2015/texmf-dist/tex/latex/oberdiek/rerunfilecheck.sty
Package: rerunfilecheck 2011/04/15 v1.7 Rerun checks for auxiliary files (HO)
Package uniquecounter Info: New unique counter `rerunfilecheck' on input line 2
82.
)
\Hy@SectionHShift=\skip74
)
(/usr/local/texlive/2015/texmf-dist/tex/latex/base/bezier.sty)
(/usr/local/texlive/2015/texmf-dist/tex/latex/pstricks/pstricks.sty
Package: pstricks 2013/12/12 v0.60 LaTeX wrapper for `PSTricks' (RN,HV)

(/usr/local/texlive/2015/texmf-dist/tex/generic/pstricks/pstricks.tex
(/usr/local/texlive/2015/texmf-dist/tex/generic/xkeyval/pst-xkey.tex
File: pst-xkey.tex 2005/11/25 v1.6 PSTricks specialization of xkeyval (HA)

(/usr/local/texlive/2015/texmf-dist/tex/latex/xkeyval/xkeyval.sty
Package: xkeyval 2014/12/03 v2.7a package option processing (HA)

(/usr/local/texlive/2015/texmf-dist/tex/generic/xkeyval/xkeyval.tex
(/usr/local/texlive/2015/texmf-dist/tex/generic/xkeyval/xkvutils.tex
\XKV@toks=\toks27
\XKV@tempa@toks=\toks28
)
\XKV@depth=\count184
File: xkeyval.tex 2014/12/03 v2.7a key=value parser (HA)
)))
(/usr/local/texlive/2015/texmf-dist/tex/generic/pstricks/pst-fp.tex
`pst-fp' v0.05, 2010/01/17 (hv)
\pstFP@xs=\count185
\pstFP@xia=\count186
\pstFP@xib=\count187
\pstFP@xfa=\count188
\pstFP@xfb=\count189
\pstFP@rega=\count190
\pstFP@regb=\count191
\pstFP@regs=\count192
\pstFP@times=\count193
)
(/usr/local/texlive/2015/texmf-dist/tex/generic/pgf/utilities/pgfutil-common.te
x
\pgfutil@everybye=\toks29
\pgfutil@tempdima=\dimen174
\pgfutil@tempdimb=\dimen175

(/usr/local/texlive/2015/texmf-dist/tex/generic/pgf/utilities/pgfutil-common-li
sts.tex))
(/usr/local/texlive/2015/texmf-dist/tex/generic/pgf/utilities/pgfkeys.code.tex
\pgfkeys@pathtoks=\toks30
\pgfkeys@temptoks=\toks31

(/usr/local/texlive/2015/texmf-dist/tex/generic/pgf/utilities/pgfkeysfiltered.c
ode.tex
\pgfkeys@tmptoks=\toks32
))
(/usr/local/texlive/2015/texmf-dist/tex/generic/pgf/utilities/pgffor.code.tex
(/usr/local/texlive/2015/texmf-dist/tex/generic/pgf/math/pgfmath.code.tex
(/usr/local/texlive/2015/texmf-dist/tex/generic/pgf/math/pgfmathcalc.code.tex
(/usr/local/texlive/2015/texmf-dist/tex/generic/pgf/math/pgfmathutil.code.tex
\pgf@x=\dimen176
\pgf@xa=\dimen177
\pgf@xb=\dimen178
\pgf@xc=\dimen179
\pgf@y=\dimen180
\pgf@ya=\dimen181
\pgf@yb=\dimen182
\pgf@yc=\dimen183
\c@pgf@counta=\count194
\c@pgf@countb=\count195
\c@pgf@countc=\count196
\c@pgf@countd=\count197
\pgfutil@tempcnta=\count198
\pgfutil@tempcntb=\count199
)
(/usr/local/texlive/2015/texmf-dist/tex/generic/pgf/math/pgfmathparser.code.tex
\pgfmath@dimen=\dimen184
\pgfmath@count=\count200
\pgfmath@box=\box68
\pgfmath@toks=\toks33
\pgfmath@stack@operand=\toks34
\pgfmath@stack@operation=\toks35
)
(/usr/local/texlive/2015/texmf-dist/tex/generic/pgf/math/pgfmathfunctions.code.
tex
(/usr/local/texlive/2015/texmf-dist/tex/generic/pgf/math/pgfmathfunctions.basic
.code.tex)
(/usr/local/texlive/2015/texmf-dist/tex/generic/pgf/math/pgfmathfunctions.trigo
nometric.code.tex)
(/usr/local/texlive/2015/texmf-dist/tex/generic/pgf/math/pgfmathfunctions.rando
m.code.tex)
(/usr/local/texlive/2015/texmf-dist/tex/generic/pgf/math/pgfmathfunctions.compa
rison.code.tex)
(/usr/local/texlive/2015/texmf-dist/tex/generic/pgf/math/pgfmathfunctions.base.
code.tex)
(/usr/local/texlive/2015/texmf-dist/tex/generic/pgf/math/pgfmathfunctions.round
.code.tex)
(/usr/local/texlive/2015/texmf-dist/tex/generic/pgf/math/pgfmathfunctions.misc.
code.tex)
(/usr/local/texlive/2015/texmf-dist/tex/generic/pgf/math/pgfmathfunctions.integ
erarithmetics.code.tex)))
(/usr/local/texlive/2015/texmf-dist/tex/generic/pgf/math/pgfmathfloat.code.tex
\c@pgfmathroundto@lastzeros=\count201
))
\pgffor@iter=\dimen185
\pgffor@skip=\dimen186
\pgffor@stack=\toks36
\pgffor@toks=\toks37
)
\psLoopIndex=\count202

`PSTricks' v2.60  <2014/10/25> (tvz)
\pst@dima=\dimen187
\pst@dimb=\dimen188
\pst@dimc=\dimen189
\pst@dimd=\dimen190
\pst@dimg=\dimen191
\pst@dimh=\dimen192
\pst@dimm=\dimen193
\pst@dimn=\dimen194
\pst@dimo=\dimen195
\pst@dimp=\dimen196
\pst@hbox=\box69
\pst@ibox=\box70
\pst@boxg=\box71
\pst@cnta=\count203
\pst@cntb=\count204
\pst@cntc=\count205
\pst@cntd=\count206
\pst@cntg=\count207
\pst@cnth=\count208
\pst@cntm=\count209
\pst@cntn=\count210
\pst@cnto=\count211
\pst@cntp=\count212
\@zero=\count213
\pst@toks=\toks38
(/usr/local/texlive/2015/texmf-dist/tex/generic/pstricks/pstricks.con)
\psunit=\dimen197
\psxunit=\dimen198
\psyunit=\dimen199
\pst@C@@rType=\count214
\pslinewidth=\dimen200
\psk@startLW=\dimen201
\psk@endLW=\dimen202
\pst@customdefs=\toks39
\pslinearc=\dimen203
\pst@symbolStep=\dimen204
\pst@symbolWidth=\dimen205
\pst@symbolLinewidth=\dimen206
\everypsbox=\toks40
\psframesep=\dimen207
\pslabelsep=\dimen208
\sh@wgridXunit=\dimen209
\sh@wgridYunit=\dimen210
\pst@shift=\dimen211
)
File: pstricks.tex 2014/10/25 v2.60 `PSTricks' (tvz,hv)

(/usr/local/texlive/2015/texmf-dist/tex/generic/pstricks/pst-fp.tex)
File: pst-fp.tex 2014/10/25 v2.60 `PST-fp' (hv)
)
(/usr/local/texlive/2015/texmf-dist/tex/latex/base/textcomp.sty
Package: textcomp 2005/09/27 v1.99g Standard LaTeX package
Package textcomp Info: Sub-encoding information:
(textcomp)               5 = only ISO-Adobe without \textcurrency
(textcomp)               4 = 5 + \texteuro
(textcomp)               3 = 4 + \textohm
(textcomp)               2 = 3 + \textestimated + \textcurrency
(textcomp)               1 = TS1 - \textcircled - \t
(textcomp)               0 = TS1 (full)
(textcomp)             Font families with sub-encoding setting implement
(textcomp)             only a restricted character set as indicated.
(textcomp)             Family '?' is the default used for unknown fonts.
(textcomp)             See the documentation for details.
Package textcomp Info: Setting ? sub-encoding to TS1/1 on input line 79.

(/usr/local/texlive/2015/texmf-dist/tex/latex/base/ts1enc.def
File: ts1enc.def 2001/06/05 v3.0e (jk/car/fm) Standard LaTeX file
)
LaTeX Info: Redefining \oldstylenums on input line 334.
Package textcomp Info: Setting cmr sub-encoding to TS1/0 on input line 349.
Package textcomp Info: Setting cmss sub-encoding to TS1/0 on input line 350.
Package textcomp Info: Setting cmtt sub-encoding to TS1/0 on input line 351.
Package textcomp Info: Setting cmvtt sub-encoding to TS1/0 on input line 352.
Package textcomp Info: Setting cmbr sub-encoding to TS1/0 on input line 353.
Package textcomp Info: Setting cmtl sub-encoding to TS1/0 on input line 354.
Package textcomp Info: Setting ccr sub-encoding to TS1/0 on input line 355.
Package textcomp Info: Setting ptm sub-encoding to TS1/4 on input line 356.
Package textcomp Info: Setting pcr sub-encoding to TS1/4 on input line 357.
Package textcomp Info: Setting phv sub-encoding to TS1/4 on input line 358.
Package textcomp Info: Setting ppl sub-encoding to TS1/3 on input line 359.
Package textcomp Info: Setting pag sub-encoding to TS1/4 on input line 360.
Package textcomp Info: Setting pbk sub-encoding to TS1/4 on input line 361.
Package textcomp Info: Setting pnc sub-encoding to TS1/4 on input line 362.
Package textcomp Info: Setting pzc sub-encoding to TS1/4 on input line 363.
Package textcomp Info: Setting bch sub-encoding to TS1/4 on input line 364.
Package textcomp Info: Setting put sub-encoding to TS1/5 on input line 365.
Package textcomp Info: Setting uag sub-encoding to TS1/5 on input line 366.
Package textcomp Info: Setting ugq sub-encoding to TS1/5 on input line 367.
Package textcomp Info: Setting ul8 sub-encoding to TS1/4 on input line 368.
Package textcomp Info: Setting ul9 sub-encoding to TS1/4 on input line 369.
Package textcomp Info: Setting augie sub-encoding to TS1/5 on input line 370.
Package textcomp Info: Setting dayrom sub-encoding to TS1/3 on input line 371.
Package textcomp Info: Setting dayroms sub-encoding to TS1/3 on input line 372.

Package textcomp Info: Setting pxr sub-encoding to TS1/0 on input line 373.
Package textcomp Info: Setting pxss sub-encoding to TS1/0 on input line 374.
Package textcomp Info: Setting pxtt sub-encoding to TS1/0 on input line 375.
Package textcomp Info: Setting txr sub-encoding to TS1/0 on input line 376.
Package textcomp Info: Setting txss sub-encoding to TS1/0 on input line 377.
Package textcomp Info: Setting txtt sub-encoding to TS1/0 on input line 378.
Package textcomp Info: Setting lmr sub-encoding to TS1/0 on input line 379.
Package textcomp Info: Setting lmdh sub-encoding to TS1/0 on input line 380.
Package textcomp Info: Setting lmss sub-encoding to TS1/0 on input line 381.
Package textcomp Info: Setting lmssq sub-encoding to TS1/0 on input line 382.
Package textcomp Info: Setting lmvtt sub-encoding to TS1/0 on input line 383.
Package textcomp Info: Setting lmtt sub-encoding to TS1/0 on input line 384.
Package textcomp Info: Setting qhv sub-encoding to TS1/0 on input line 385.
Package textcomp Info: Setting qag sub-encoding to TS1/0 on input line 386.
Package textcomp Info: Setting qbk sub-encoding to TS1/0 on input line 387.
Package textcomp Info: Setting qcr sub-encoding to TS1/0 on input line 388.
Package textcomp Info: Setting qcs sub-encoding to TS1/0 on input line 389.
Package textcomp Info: Setting qpl sub-encoding to TS1/0 on input line 390.
Package textcomp Info: Setting qtm sub-encoding to TS1/0 on input line 391.
Package textcomp Info: Setting qzc sub-encoding to TS1/0 on input line 392.
Package textcomp Info: Setting qhvc sub-encoding to TS1/0 on input line 393.
Package textcomp Info: Setting futs sub-encoding to TS1/4 on input line 394.
Package textcomp Info: Setting futx sub-encoding to TS1/4 on input line 395.
Package textcomp Info: Setting futj sub-encoding to TS1/4 on input line 396.
Package textcomp Info: Setting hlh sub-encoding to TS1/3 on input line 397.
Package textcomp Info: Setting hls sub-encoding to TS1/3 on input line 398.
Package textcomp Info: Setting hlst sub-encoding to TS1/3 on input line 399.
Package textcomp Info: Setting hlct sub-encoding to TS1/5 on input line 400.
Package textcomp Info: Setting hlx sub-encoding to TS1/5 on input line 401.
Package textcomp Info: Setting hlce sub-encoding to TS1/5 on input line 402.
Package textcomp Info: Setting hlcn sub-encoding to TS1/5 on input line 403.
Package textcomp Info: Setting hlcw sub-encoding to TS1/5 on input line 404.
Package textcomp Info: Setting hlcf sub-encoding to TS1/5 on input line 405.
Package textcomp Info: Setting pplx sub-encoding to TS1/3 on input line 406.
Package textcomp Info: Setting pplj sub-encoding to TS1/3 on input line 407.
Package textcomp Info: Setting ptmx sub-encoding to TS1/4 on input line 408.
Package textcomp Info: Setting ptmj sub-encoding to TS1/4 on input line 409.
)
(/usr/local/texlive/2015/texmf-dist/tex/latex/cm-super/type1ec.sty
Package: type1ec 2002/09/07 v1.1 Type1 EC font definitions (for CM-Super fonts)


(/usr/local/texlive/2015/texmf-dist/tex/latex/base/t1cmr.fd
File: t1cmr.fd 2014/09/29 v2.5h Standard LaTeX font definitions
))
(/usr/local/texlive/2015/texmf-dist/tex/latex/pdfpages/pdfpages.sty
Package: pdfpages 2015/05/11 v0.4x Insert pages of external PDF documents (AM)

(/usr/local/texlive/2015/texmf-dist/tex/latex/tools/calc.sty
Package: calc 2014/10/28 v4.3 Infix arithmetic (KKT,FJ)
\calc@Acount=\count215
\calc@Bcount=\count216
\calc@Adimen=\dimen212
\calc@Bdimen=\dimen213
\calc@Askip=\skip75
\calc@Bskip=\skip76
LaTeX Info: Redefining \setlength on input line 80.
LaTeX Info: Redefining \addtolength on input line 81.
\calc@Ccount=\count217
\calc@Cskip=\skip77
)
(/usr/local/texlive/2015/texmf-dist/tex/latex/eso-pic/eso-pic.sty
Package: eso-pic 2015/04/20 v2.0e eso-pic (RN)
)
\AM@pagewidth=\dimen214
\AM@pageheight=\dimen215

(/usr/local/texlive/2015/texmf-dist/tex/latex/pdfpages/pppdftex.def
File: pppdftex.def 2015/05/11 v0.4x Pdfpages driver for pdfTeX (AM)
)
\AM@pagebox=\box72
\AM@toc@title=\toks41
\c@AM@survey=\count218
\AM@templatesizebox=\box73
)
(/usr/local/texlive/2015/texmf-dist/tex/latex/bera/bera.sty
Package: bera 2004/01/31 (WaS)

(/usr/local/texlive/2015/texmf-dist/tex/latex/base/fontenc.sty
Package: fontenc 2005/09/27 v1.99g Standard LaTeX package

(/usr/local/texlive/2015/texmf-dist/tex/latex/base/t1enc.def
File: t1enc.def 2005/09/27 v1.99g Standard LaTeX file
LaTeX Font Info:    Redeclaring font encoding T1 on input line 48.
))
(/usr/local/texlive/2015/texmf-dist/tex/latex/bera/beraserif.sty
Package: beraserif 2004/01/30 (WaS)
LaTeX Font Info:    Try loading font information for T1+fve on input line 30.

(/usr/local/texlive/2015/texmf-dist/tex/latex/bera/t1fve.fd
File: t1fve.fd 2004/09/07 scalable font definitions for T1/fve.
)
LaTeX Font Info:    Font shape `T1/fve/m/n' will be
(Font)              scaled to size 8.99994pt on input line 30.
)
(/usr/local/texlive/2015/texmf-dist/tex/latex/bera/berasans.sty
Package: berasans 2004/01/30 (WaS)
)
(/usr/local/texlive/2015/texmf-dist/tex/latex/bera/beramono.sty
Package: beramono 2004/01/31 (WaS)
))
\@indexfile=\write4
\openout4 = `lnp.idx'.


Writing index file lnp.idx

LaTeX Warning: Unused global option(s):
    [sectrefs].

(./lnp.aux (./preface.aux) (./chapter1.aux) (./chapter2.aux) (./chapter3.aux)
(./chapter4.aux) (./chapter5.aux) (./chapter6.aux) (./chapter7.aux)
(./chapter8.aux

LaTeX Warning: Label `eq:ccd2' multiply defined.

) (./chapter9.aux) (./chapter10.aux) (./chapter11.aux))
\openout1 = `lnp.aux'.

LaTeX Font Info:    Checking defaults for OML/cmm/m/it on input line 46.
LaTeX Font Info:    ... okay on input line 46.
LaTeX Font Info:    Checking defaults for T1/cmr/m/n on input line 46.
LaTeX Font Info:    ... okay on input line 46.
LaTeX Font Info:    Checking defaults for OT1/cmr/m/n on input line 46.
LaTeX Font Info:    ... okay on input line 46.
LaTeX Font Info:    Checking defaults for OMS/cmsy/m/n on input line 46.
LaTeX Font Info:    ... okay on input line 46.
LaTeX Font Info:    Checking defaults for OMX/cmex/m/n on input line 46.
LaTeX Font Info:    ... okay on input line 46.
LaTeX Font Info:    Checking defaults for U/cmr/m/n on input line 46.
LaTeX Font Info:    ... okay on input line 46.
LaTeX Font Info:    Checking defaults for PD1/pdf/m/n on input line 46.
LaTeX Font Info:    ... okay on input line 46.
LaTeX Font Info:    Checking defaults for TS1/cmr/m/n on input line 46.
LaTeX Font Info:    Try loading font information for TS1+cmr on input line 46.

(/usr/local/texlive/2015/texmf-dist/tex/latex/base/ts1cmr.fd
File: ts1cmr.fd 2014/09/29 v2.5h Standard LaTeX font definitions
)
LaTeX Font Info:    ... okay on input line 46.

(/usr/local/texlive/2015/texmf-dist/tex/context/base/supp-pdf.mkii
[Loading MPS to PDF converter (version 2006.09.02).]
\scratchcounter=\count219
\scratchdimen=\dimen216
\scratchbox=\box74
\nofMPsegments=\count220
\nofMParguments=\count221
\everyMPshowfont=\toks42
\MPscratchCnt=\count222
\MPscratchDim=\dimen217
\MPnumerator=\count223
\makeMPintoPDFobject=\count224
\everyMPtoPDFconversion=\toks43
) (/usr/local/texlive/2015/texmf-dist/tex/latex/oberdiek/epstopdf-base.sty
Package: epstopdf-base 2010/02/09 v2.5 Base part for package epstopdf

(/usr/local/texlive/2015/texmf-dist/tex/latex/oberdiek/grfext.sty
Package: grfext 2010/08/19 v1.1 Manage graphics extensions (HO)
)
Package grfext Info: Graphics extension search list:
(grfext)             [.png,.pdf,.jpg,.mps,.jpeg,.jbig2,.jb2,.PNG,.PDF,.JPG,.JPE
G,.JBIG2,.JB2,.eps]
(grfext)             \AppendGraphicsExtensions on input line 452.

(/usr/local/texlive/2015/texmf-dist/tex/latex/latexconfig/epstopdf-sys.cfg
File: epstopdf-sys.cfg 2010/07/13 v1.3 Configuration of (r)epstopdf for TeX Liv
e
))
\c@lstlisting=\count225
\AtBeginShipoutBox=\box75
Package hyperref Info: Link coloring OFF on input line 46.

(/usr/local/texlive/2015/texmf-dist/tex/latex/hyperref/nameref.sty
Package: nameref 2012/10/27 v2.43 Cross-referencing by name of section

(/usr/local/texlive/2015/texmf-dist/tex/generic/oberdiek/gettitlestring.sty
Package: gettitlestring 2010/12/03 v1.4 Cleanup title references (HO)
)
\c@section@level=\count226
)
LaTeX Info: Redefining \ref on input line 46.
LaTeX Info: Redefining \pageref on input line 46.
LaTeX Info: Redefining \nameref on input line 46.

(./lnp.out) (./lnp.out)
\@outlinefile=\write5
\openout5 = `lnp.out'.

LaTeX Font Info:    Font shape `T1/fve/m/n' will be
(Font)              scaled to size 10.79993pt on input line 49.
LaTeX Font Info:    Font shape `T1/fve/m/n' will be
(Font)              scaled to size 16.19989pt on input line 54.
LaTeX Font Info:    Font shape `T1/fve/m/n' will be
(Font)              scaled to size 22.39185pt on input line 54.
LaTeX Font Info:    Font shape `T1/fve/b/n' will be
(Font)              scaled to size 22.39185pt on input line 54.
LaTeX Font Info:    Font shape `T1/fve/m/n' will be
(Font)              scaled to size 12.59991pt on input line 54.
LaTeX Font Info:    Font shape `T1/fve/b/n' will be
(Font)              scaled to size 12.59991pt on input line 54.
 [4
Non-PDF special ignored!
Non-PDF special ignored!
Non-PDF special ignored!
Non-PDF special ignored!


Non-PDF special ignored!
Non-PDF special ignored!
Non-PDF special ignored!



{/usr/local/texlive/2015/texmf-var/fonts/map/pdftex/updmap/pdftex.map}]

Package mathptmx Warning: There are no bold math fonts on input line 56.

LaTeX Font Info:    Font shape `T1/fve/b/n' will be
(Font)              scaled to size 14.3999pt on input line 56.

Package hyperref Warning: bookmark level for unknown title defaults to 0.

LaTeX Font Info:    Font shape `T1/fve/m/n' will be
(Font)              scaled to size 7.64995pt on input line 56.
LaTeX Font Info:    Try loading font information for OT1+ztmcm on input line 56
.
(/usr/local/texlive/2015/texmf-dist/tex/latex/psnfss/ot1ztmcm.fd
File: ot1ztmcm.fd 2000/01/03 Fontinst v1.801 font definitions for OT1/ztmcm.
)
LaTeX Font Info:    Try loading font information for OML+ztmcm on input line 56
.

(/usr/local/texlive/2015/texmf-dist/tex/latex/psnfss/omlztmcm.fd
File: omlztmcm.fd 2000/01/03 Fontinst v1.801 font definitions for OML/ztmcm.
)
LaTeX Font Info:    Try loading font information for OMS+ztmcm on input line 56
.

(/usr/local/texlive/2015/texmf-dist/tex/latex/psnfss/omsztmcm.fd
File: omsztmcm.fd 2000/01/03 Fontinst v1.801 font definitions for OMS/ztmcm.
)
LaTeX Font Info:    Try loading font information for OMX+ztmcm on input line 56
.

(/usr/local/texlive/2015/texmf-dist/tex/latex/psnfss/omxztmcm.fd
File: omxztmcm.fd 2000/01/03 Fontinst v1.801 font definitions for OMX/ztmcm.
)
LaTeX Font Info:    Try loading font information for OT1+ptm on input line 56.

(/usr/local/texlive/2015/texmf-dist/tex/latex/psnfss/ot1ptm.fd
File: ot1ptm.fd 2001/06/04 font definitions for OT1/ptm.
)
LaTeX Font Info:    Font shape `OT1/ptm/bx/n' in size <10> not available
(Font)              Font shape `OT1/ptm/b/n' tried instead on input line 56.
LaTeX Font Info:    Font shape `OT1/ptm/bx/n' in size <7.4> not available
(Font)              Font shape `OT1/ptm/b/n' tried instead on input line 56.
LaTeX Font Info:    Font shape `OT1/ptm/bx/n' in size <6> not available
(Font)              Font shape `OT1/ptm/b/n' tried instead on input line 56.


Package hyperref Warning: bookmark level for unknown author defaults to 0.

[5


]
\openout2 = `preface.aux'.

 (./preface.tex [6



]
LaTeX Font Info:    Font shape `T1/fve/m/n' will be
(Font)              scaled to size 14.3999pt on input line 2.
) [7] [8



] (./lnp.toc
LaTeX Font Info:    Font shape `T1/fve/b/n' will be
(Font)              scaled to size 8.99994pt on input line 1.
 [9] [10]
Overfull \hbox (3.22194pt too wide) detected at line 103
 []\T1/fve/m/n/10 100
 []


Overfull \hbox (3.22194pt too wide) detected at line 104
 []\T1/fve/m/n/10 101
 []


Overfull \hbox (3.22194pt too wide) detected at line 106
 []\T1/fve/m/n/10 104
 []


Overfull \hbox (3.22194pt too wide) detected at line 110
 []\T1/fve/m/n/10 117
 []


Overfull \hbox (3.22194pt too wide) detected at line 111
 []\T1/fve/m/n/10 117
 []


Overfull \hbox (3.22194pt too wide) detected at line 112
 []\T1/fve/m/n/10 117
 []


Overfull \hbox (3.22194pt too wide) detected at line 113
 []\T1/fve/m/n/10 117
 []


Overfull \hbox (3.22194pt too wide) detected at line 114
 []\T1/fve/m/n/10 117
 []


Overfull \hbox (3.22194pt too wide) detected at line 115
 []\T1/fve/m/n/10 118
 []


Overfull \hbox (3.22194pt too wide) detected at line 116
 []\T1/fve/m/n/10 118
 []


Overfull \hbox (3.22194pt too wide) detected at line 120
 []\T1/fve/m/n/10 119
 []


Overfull \hbox (3.22194pt too wide) detected at line 121
 []\T1/fve/m/n/10 119
 []


Overfull \hbox (3.22194pt too wide) detected at line 122
 []\T1/fve/m/n/10 119
 []


Overfull \hbox (3.22194pt too wide) detected at line 123
 []\T1/fve/m/n/10 120
 []


Overfull \hbox (3.22194pt too wide) detected at line 124
 []\T1/fve/m/n/10 120
 []


Overfull \hbox (3.22194pt too wide) detected at line 128
 []\T1/fve/m/n/10 121
 []


Overfull \hbox (3.22194pt too wide) detected at line 129
 []\T1/fve/m/n/10 121
 []

)
\tf@toc=\write6
\openout6 = `lnp.toc'.

 [11] [12


]
\openout2 = `chapter1.aux'.

 (./chapter1.tex
LaTeX Font Info:    Calculating math sizes for size <8.5> on input line 5.
LaTeX Font Info:    Font shape `OT1/ptm/bx/n' in size <8.5> not available
(Font)              Font shape `OT1/ptm/b/n' tried instead on input line 5.
LaTeX Font Info:    Font shape `OT1/ptm/bx/n' in size <6.29004> not available
(Font)              Font shape `OT1/ptm/b/n' tried instead on input line 5.
LaTeX Font Info:    Font shape `OT1/ptm/bx/n' in size <5.10005> not available
(Font)              Font shape `OT1/ptm/b/n' tried instead on input line 5.
LaTeX Font Info:    Try loading font information for T1+fvm on input line 5.

(/usr/local/texlive/2015/texmf-dist/tex/latex/bera/t1fvm.fd
File: t1fvm.fd 2004/09/07 scalable font definitions for T1/fvm.
)
LaTeX Font Info:    Font shape `T1/fvm/m/n' will be
(Font)              scaled to size 7.64995pt on input line 5.


Package hyperref Warning: bookmark level for unknown titlech defaults to 0.


Package hyperref Warning: bookmark level for unknown authorch defaults to 0.

[1



]
LaTeX Font Info:    Font shape `T1/fve/b/n' will be
(Font)              scaled to size 7.64995pt on input line 95.
LaTeX Font Info:    Font shape `T1/fve/b/n' will be
(Font)              scaled to size 10.79993pt on input line 99.
LaTeX Font Info:    Font shape `T1/fve/m/it' in size <10> not available
(Font)              Font shape `T1/fve/m/sl' tried instead on input line 103.
LaTeX Font Info:    Font shape `T1/fve/m/sl' will be
(Font)              scaled to size 8.99994pt on input line 103.
LaTeX Font Info:    Font shape `T1/fvm/m/n' will be
(Font)              scaled to size 8.99994pt on input line 103.
LaTeX Font Info:    Font shape `T1/fve/m/n' will be
(Font)              scaled to size 6.65994pt on input line 120.
LaTeX Font Info:    Font shape `T1/fve/m/n' will be
(Font)              scaled to size 5.661pt on input line 120.
LaTeX Font Info:    Font shape `T1/fve/m/it' in size <8.5> not available
(Font)              Font shape `T1/fve/m/sl' tried instead on input line 120.
LaTeX Font Info:    Font shape `T1/fve/m/sl' will be
(Font)              scaled to size 7.64995pt on input line 120.
 [2]
LaTeX Font Info:    Try loading font information for TS1+fve on input line 120.

 (/usr/local/texlive/2015/texmf-dist/tex/latex/bera/ts1fve.fd
File: ts1fve.fd 2004/09/07 scalable font definitions for TS1/fve.
)
LaTeX Font Info:    Font shape `TS1/fve/m/n' will be
(Font)              scaled to size 8.99994pt on input line 120.


LaTeX Warning: Citation `science-contrib' on page 3 undefined on input line 120
.


LaTeX Warning: Citation `science-online' on page 3 undefined on input line 120.



LaTeX Warning: Citation `science-mono' on page 3 undefined on input line 120.


LaTeX Warning: Citation `science-journal' on page 3 undefined on input line 120
.


LaTeX Warning: Citation `science-DOI' on page 3 undefined on input line 120.


LaTeX Warning: Citation `phys-online' on page 3 undefined on input line 120.


LaTeX Warning: Citation `phys-mono' on page 3 undefined on input line 120.


LaTeX Warning: Citation `phys-journal' on page 3 undefined on input line 120.


LaTeX Warning: Citation `phys-DOI' on page 3 undefined on input line 120.


LaTeX Warning: Citation `phys-contrib' on page 3 undefined on input line 120.


LaTeX Warning: Citation `psysoc-mono' on page 3 undefined on input line 120.


LaTeX Warning: Citation `psysoc-online' on page 3 undefined on input line 120.


LaTeX Warning: Citation `psysoc-journal' on page 3 undefined on input line 120.



LaTeX Warning: Citation `psysoc-contrib' on page 3 undefined on input line 120.



LaTeX Warning: Citation `psysoc-DOI' on page 3 undefined on input line 120.


LaTeX Warning: Citation `humlinphil-journal' on page 3 undefined on input line 
120.


LaTeX Warning: Citation `humlinphil-contrib' on page 3 undefined on input line 
120.


LaTeX Warning: Citation `humlinphil-mono' on page 3 undefined on input line 120
.


LaTeX Warning: Citation `humlinphil-online' on page 3 undefined on input line 1
20.


LaTeX Warning: Citation `humlinphil-DOI' on page 3 undefined on input line 120.



LaTeX Warning: Citation `basic-contrib' on page 3 undefined on input line 120.


LaTeX Warning: Citation `basic-online' on page 3 undefined on input line 120.


LaTeX Warning: Citation `basic-journal' on page 3 undefined on input line 120.


LaTeX Warning: Citation `basic-DOI' on page 3 undefined on input line 120.


LaTeX Warning: Citation `basic-mono' on page 3 undefined on input line 120.


LaTeX Warning: Empty `thebibliography' environment on input line 121.

) [3]
\openout2 = `chapter2.aux'.

 (./chapter2.tex [4




]
Overfull \hbox (5.05159pt too wide) in paragraph at lines 13--13
\T1/fve/b/n/10 Abstract \T1/fve/m/n/10 We present a brief in-tro-duc-tion to QC
D, the QCD phase di-a-gram, and non-equilibrium
 []

[5]

LaTeX Warning: Citation `Feynman' on page 6 undefined on input line 92.


LaTeX Warning: Citation `Metropolis:1953am' on page 6 undefined on input line 1
32.


LaTeX Warning: Citation `Creutz:1980gp' on page 6 undefined on input line 134.


LaTeX Warning: Citation `Shuryak:1984xr' on page 6 undefined on input line 134.



LaTeX Warning: Citation `Shuryak:1987tr' on page 6 undefined on input line 134.



LaTeX Warning: Citation `Schafer:2004xa' on page 6 undefined on input line 134.


[6]

LaTeX Warning: Citation `Schafer:2004xa' on page 7 undefined on input line 183.


[7] <Chapter2-figures/config1.pdf, id=719, 478.78876pt x 412.54124pt>
File: Chapter2-figures/config1.pdf Graphic file (type pdf)

<use Chapter2-figures/config1.pdf>
Package pdftex.def Info: Chapter2-figures/config1.pdf used on input line 232.
(pdftex.def)             Requested size: 256.0748pt x 220.64128pt.


LaTeX Warning: Citation `Jarrell:1996rrw' on page 8 undefined on input line 279
.


LaTeX Warning: Citation `Asakawa:2000tr' on page 8 undefined on input line 279.


[8 <./Chapter2-figures/config1.pdf>] [9]

LaTeX Warning: Citation `Jarzynski:1997' on page 10 undefined on input line 360
.

LaTeX Font Info:    Font shape `T1/fve/b/it' in size <12> not available
(Font)              Font shape `T1/fve/b/sl' tried instead on input line 365.
LaTeX Font Info:    Font shape `T1/fve/b/sl' will be
(Font)              scaled to size 10.79993pt on input line 365.

LaTeX Warning: Citation `Gross:1973id' on page 10 undefined on input line 411.


LaTeX Warning: Citation `Politzer:1973fx' on page 10 undefined on input line 41
1.

[10]

LaTeX Warning: Citation `Coleman:1973jx' on page 11 undefined on input line 423
.


LaTeX Warning: Citation `Gross:1973id' on page 11 undefined on input line 428.


LaTeX Warning: Citation `Politzer:1973fx' on page 11 undefined on input line 42
8.


LaTeX Warning: Citation `Nakamura:2010zzi' on page 11 undefined on input line 4
47.


LaTeX Warning: Citation `Nakamura:2010zzi' on page 11 undefined on input line 4
52.

<Chapter2-figures/qcd_ms_high.pdf, id=775, 588.1975pt x 534.99875pt>
File: Chapter2-figures/qcd_ms_high.pdf Graphic file (type pdf)

<use Chapter2-figures/qcd_ms_high.pdf>
Package pdftex.def Info: Chapter2-figures/qcd_ms_high.pdf used on input line 45
6.
(pdftex.def)             Requested size: 297.20906pt x 270.33142pt.


LaTeX Warning: Citation `Alford:2007xm' on page 11 undefined on input line 479.



LaTeX Warning: Citation `Adams:2012th' on page 11 undefined on input line 479.


LaTeX Warning: Citation `Braun-Munzinger:2015hba' on page 11 undefined on input
 line 479.


LaTeX Warning: Citation `GellMann:1968rz' on page 11 undefined on input line 49
4.


LaTeX Warning: Citation `Coleman:1980mx' on page 11 undefined on input line 494
.


LaTeX Warning: Citation `tHooft:1979bh' on page 11 undefined on input line 494.


[11] [12 <./Chapter2-figures/qcd_ms_high.pdf>]

LaTeX Warning: Citation `GellMann:1968rz' on page 13 undefined on input line 57
4.


LaTeX Warning: Citation `Shuryak:1977ut' on page 13 undefined on input line 596
.


LaTeX Warning: Citation `Shuryak:1978ij' on page 13 undefined on input line 596
.


LaTeX Warning: Citation `Linde:1980ts' on page 13 undefined on input line 621.

[13]

LaTeX Warning: Citation `Pisarski:1983ms' on page 14 undefined on input line 63
2.


LaTeX Warning: Citation `Aoki:2006we' on page 14 undefined on input line 636.


LaTeX Warning: Citation `Bazavov:2011nk' on page 14 undefined on input line 636
.


LaTeX Warning: Citation `Aoki:2006br' on page 14 undefined on input line 638.


LaTeX Warning: Citation `Aoki:2009sc' on page 14 undefined on input line 638.


LaTeX Warning: Citation `Bazavov:2011nk' on page 14 undefined on input line 639
.


LaTeX Warning: Citation `Bazavov:2014pvz' on page 14 undefined on input line 63
9.


LaTeX Warning: Citation `Stephanov:2004wx' on page 14 undefined on input line 6
44.


LaTeX Warning: Citation `Fodor:2001pe' on page 14 undefined on input line 650.


LaTeX Warning: Citation `Allton:2002zi' on page 14 undefined on input line 650.



LaTeX Warning: Citation `Karsch:2003va' on page 14 undefined on input line 650.



LaTeX Warning: Citation `Fodor:2004nz' on page 14 undefined on input line 650.


LaTeX Warning: Citation `Gavai:2008zr' on page 14 undefined on input line 650.


LaTeX Warning: Citation `Datta:2012pj' on page 14 undefined on input line 650.


LaTeX Warning: Citation `deForcrand:2010he' on page 14 undefined on input line 
653.


LaTeX Warning: Citation `Stephanov:1998dy' on page 14 undefined on input line 6
58.


LaTeX Warning: Citation `Sauer:1976zzf' on page 14 undefined on input line 678.



LaTeX Warning: Citation `Pochodzalla:1995xy' on page 14 undefined on input line
 678.


LaTeX Warning: Citation `Elliott:2013pna' on page 14 undefined on input line 67
8.

[14]

LaTeX Warning: Citation `Alford:1998mk' on page 15 undefined on input line 703.



LaTeX Warning: Citation `Schafer:1999fe' on page 15 undefined on input line 703
.


LaTeX Warning: Citation `Alford:2007xm' on page 15 undefined on input line 725.



LaTeX Warning: Citation `Schafer:1998ef' on page 15 undefined on input line 735
.


LaTeX Warning: Citation `Hatsuda:2006ps' on page 15 undefined on input line 735
.


LaTeX Warning: Citation `Creutz:1983' on page 15 undefined on input line 752.


LaTeX Warning: Citation `Montvay:1994' on page 15 undefined on input line 752.


LaTeX Warning: Citation `Smit:2002' on page 15 undefined on input line 752.


LaTeX Warning: Citation `Gattringer:2009' on page 15 undefined on input line 75
2.


LaTeX Warning: Citation `Lin:2014' on page 15 undefined on input line 752.


LaTeX Warning: Citation `Fodor:2009ax' on page 15 undefined on input line 754.


LaTeX Warning: Citation `Ding:2015ona' on page 15 undefined on input line 754.

[15]

LaTeX Warning: Citation `Wilson:1974sk' on page 16 undefined on input line 778.



LaTeX Warning: Citation `Fodor:2009ax' on page 16 undefined on input line 837.


LaTeX Warning: Citation `Ding:2015ona' on page 16 undefined on input line 837.

[16]

LaTeX Warning: Citation `Mezzadri:2006' on page 17 undefined on input line 850.



LaTeX Warning: Citation `Hasenfratz:1980kn' on page 17 undefined on input line 
879.


LaTeX Warning: Citation `Lepage:1998dt' on page 17 undefined on input line 892.



LaTeX Warning: Citation `Wolff:1988uh' on page 17 undefined on input line 903.

[17]

LaTeX Warning: Citation `Wilson:1974sk' on page 18 undefined on input line 922.



LaTeX Warning: Citation `Kogut:1974ag' on page 18 undefined on input line 923.


LaTeX Warning: Citation `Kaplan:1992bt' on page 18 undefined on input line 924.



LaTeX Warning: Citation `Neuberger:1997fp' on page 18 undefined on input line 9
25.


LaTeX Warning: Citation `Luscher:2010ae' on page 18 undefined on input line 953
.

[18]

LaTeX Warning: Citation `Endress:2014qpa' on page 19 undefined on input line 99
9.

<Chapter2-figures/topology.pdf, id=858, 361.35pt x 252.945pt>
File: Chapter2-figures/topology.pdf Graphic file (type pdf)

<use Chapter2-figures/topology.pdf>
Package pdftex.def Info: Chapter2-figures/topology.pdf used on input line 1004.

(pdftex.def)             Requested size: 297.20906pt x 208.04921pt.


LaTeX Warning: Citation `Dick:2015twa' on page 19 undefined on input line 1008.



LaTeX Warning: Citation `Dick:2015twa' on page 19 undefined on input line 1008.



LaTeX Warning: Citation `Teper:1985ek' on page 19 undefined on input line 1028.



LaTeX Warning: Citation `Luscher:2010iy' on page 19 undefined on input line 103
2.


LaTeX Warning: Citation `Belavin:1975fg' on page 19 undefined on input line 104
5.


LaTeX Warning: Citation `Schafer:1996wv' on page 19 undefined on input line 104
5.

[19 <./Chapter2-figures/topology.pdf>]

LaTeX Warning: Citation `Schafer:1996wv' on page 20 undefined on input line 105
7.


LaTeX Warning: Citation `DelDebbio:2004ns' on page 20 undefined on input line 1
076.


LaTeX Warning: Citation `Ce:2014sfa' on page 20 undefined on input line 1076.


LaTeX Warning: Citation `Schafer:1996wv' on page 20 undefined on input line 108
1.


LaTeX Warning: Citation `Poppitz:2012nz' on page 20 undefined on input line 108
4.

[20]

LaTeX Warning: Citation `Banks:1979yr' on page 21 undefined on input line 1122.



LaTeX Warning: Citation `Ginsparg:1981bj' on page 21 undefined on input line 11
36.


LaTeX Warning: Citation `Schafer:1996wv' on page 21 undefined on input line 118
4.


LaTeX Warning: Citation `Cherman:2016hcd' on page 21 undefined on input line 11
96.

[21]

LaTeX Warning: Citation `Lin:2014' on page 22 undefined on input line 1264.

[22]

LaTeX Warning: Citation `Cristoforetti:2012su' on page 23 undefined on input li
ne 1304.


LaTeX Warning: Citation `Aarts:2014nxa' on page 23 undefined on input line 1304
.


LaTeX Warning: Citation `Aarts:2009uq' on page 23 undefined on input line 1306.



LaTeX Warning: Citation `Sexty:2013ica' on page 23 undefined on input line 1306
.


LaTeX Warning: Citation `Kloiber:2013rba' on page 23 undefined on input line 13
07.


LaTeX Warning: Citation `Schafer:2009dj' on page 23 undefined on input line 134
6.


LaTeX Warning: Citation `Schaefer:2014awa' on page 23 undefined on input line 1
346.

[23]

LaTeX Warning: Citation `Karsch:1986cq' on page 24 undefined on input line 1386
.


LaTeX Warning: Citation `Meyer:2007ic' on page 24 undefined on input line 1386.



LaTeX Warning: Citation `Meyer:2007dy' on page 24 undefined on input line 1386.



LaTeX Warning: Citation `Sakai:2007cm' on page 24 undefined on input line 1386.



Overfull \hbox (2.46152pt too wide) in paragraph at lines 1383--1391
\T1/fve/m/n/10 and $\OML/ztmcm/m/it/10 n[]\OT1/ztmcm/m/n/10 (\OML/ztmcm/m/it/10
 !\OT1/ztmcm/m/n/10 )$ \T1/fve/m/n/10 is the Bose dis-tri-bu-tion func-tion. Th
e imag-i-nary time cor-re-la-tion func-tion equ. ([]2.63[])
 []


LaTeX Warning: Citation `Aarts:2007wj' on page 24 undefined on input line 1399.



LaTeX Warning: Citation `Aarts:2007va' on page 24 undefined on input line 1399.



LaTeX Warning: Citation `Aarts:2006wt' on page 24 undefined on input line 1403.



LaTeX Warning: Citation `Meyer:2008gt' on page 24 undefined on input line 1403.



LaTeX Warning: Citation `Romatschke:2009ng' on page 24 undefined on input line 
1406.


LaTeX Warning: Citation `Arnold:2000dr' on page 24 undefined on input line 1424
.


LaTeX Warning: Citation `Karsch:1986cq' on page 24 undefined on input line 1427
.


LaTeX Warning: Citation `Meyer:2007ic' on page 24 undefined on input line 1429.



LaTeX Warning: Citation `Meyer:2008gt' on page 24 undefined on input line 1429.



LaTeX Warning: Citation `Kovtun:2004de' on page 24 undefined on input line 1434
.

[24] <Chapter2-figures/hic_evol_schem.pdf, id=930, 848.16875pt x 259.97125pt>
File: Chapter2-figures/hic_evol_schem.pdf Graphic file (type pdf)

<use Chapter2-figures/hic_evol_schem.pdf>
Package pdftex.def Info: Chapter2-figures/hic_evol_schem.pdf used on input line
 1440.
(pdftex.def)             Requested size: 403.35562pt x 123.63043pt.


LaTeX Warning: Citation `Romatschke:2009im' on page 25 undefined on input line 
1509.


LaTeX Warning: Citation `Rezzolla:2013' on page 25 undefined on input line 1509
.


LaTeX Warning: Citation `Jeon:2015dfa' on page 25 undefined on input line 1509.


[25 <./Chapter2-figures/hic_evol_schem.pdf>] [26]

LaTeX Warning: Citation `Colella:1984' on page 27 undefined on input line 1626.



LaTeX Warning: Citation `Blondin:1993' on page 27 undefined on input line 1627.



LaTeX Warning: Citation `Schafer:2010dv' on page 27 undefined on input line 162
8.

[27]

LaTeX Warning: Citation `Colella:1984' on page 28 undefined on input line 1683.



LaTeX Warning: Citation `Colella:1984' on page 28 undefined on input line 1694.


[28]

LaTeX Warning: Citation `Florkowski:2010cf' on page 29 undefined on input line 
1757.


LaTeX Warning: Citation `Martinez:2010sc' on page 29 undefined on input line 17
57.


LaTeX Warning: Citation `Bluhm:2015raa' on page 29 undefined on input line 1757
.


LaTeX Warning: Citation `Bluhm:2015bzi' on page 29 undefined on input line 1757
.


LaTeX Warning: Citation `Romatschke:2011hm' on page 29 undefined on input line 
1759.


LaTeX Warning: Citation `Brewer:2015hua' on page 29 undefined on input line 175
9.

[29]

LaTeX Warning: Citation `Kadanoff' on page 30 undefined on input line 1791.


LaTeX Warning: Citation `Bertsch:1988ik' on page 30 undefined on input line 182
4.


LaTeX Warning: Citation `Lepers:2010be' on page 30 undefined on input line 1825
.

[30]

LaTeX Warning: Citation `Bass:1998ca' on page 31 undefined on input line 1913.


LaTeX Warning: Citation `Buss:2011mx' on page 31 undefined on input line 1913.


LaTeX Warning: Citation `Ehehalt:1996uq' on page 31 undefined on input line 191
4.


LaTeX Warning: Citation `Geiger:1991nj' on page 31 undefined on input line 1924
.


LaTeX Warning: Citation `Xu:2004mz' on page 31 undefined on input line 1924.


LaTeX Warning: Citation `McLerran:1993ni' on page 31 undefined on input line 19
34.


LaTeX Warning: Citation `Mueller:2002gd' on page 31 undefined on input line 193
5.

[31]

LaTeX Warning: Citation `Mrowczynski:2016etf' on page 32 undefined on input lin
e 1947.

[32]

LaTeX Warning: Citation `Berges:2008wm' on page 33 undefined on input line 2031
.


LaTeX Warning: Citation `Dusling:2010rm' on page 33 undefined on input line 203
5.


LaTeX Warning: Citation `Litim:2001db' on page 33 undefined on input line 2039.



LaTeX Warning: Citation `Wong:1970fu' on page 33 undefined on input line 2040.


LaTeX Warning: Citation `Hu:1996sf' on page 33 undefined on input line 2041.


LaTeX Warning: Citation `Maldacena:1997re' on page 33 undefined on input line 2
050.


LaTeX Warning: Citation `Son:2007vk' on page 33 undefined on input line 2050.


LaTeX Warning: Citation `Gubser:2009md' on page 33 undefined on input line 2050
.


LaTeX Warning: Citation `CasalderreySolana:2011us' on page 33 undefined on inpu
t line 2050.


LaTeX Warning: Citation `DeWolfe:2013cua' on page 33 undefined on input line 20
50.

[33] [34]

LaTeX Warning: Citation `Son:2007vk' on page 35 undefined on input line 2215.


LaTeX Warning: File `AdS5_Schwarz_eta_w_txt.eps' not found on input line 2224.

Package epstopdf Info: Source file: <AdS5_Schwarz_eta_w_txt.eps>
(epstopdf)             Output file: <AdS5_Schwarz_eta_w_txt-eps-converted-to.pd
f>
(epstopdf)             Command: <repstopdf --outfile=AdS5_Schwarz_eta_w_txt-eps
-converted-to.pdf AdS5_Schwarz_eta_w_txt.eps>
(epstopdf)             \includegraphics on input line 2224.
Package epstopdf Info: Output file is already uptodate.

! Package pdftex.def Error: File `AdS5_Schwarz_eta_w_txt-eps-converted-to.pdf' 
not found.

See the pdftex.def package documentation for explanation.
Type  H <return>  for immediate help.
 ...                                              
                                                  
l.2224 ...width=6.5cm]{AdS5_Schwarz_eta_w_txt.eps}
                                                  
? 

LaTeX Warning: File `AdS5_Schwarz_eta_w_subtr_txt.eps' not found on input line 
2225.

Package epstopdf Info: Source file: <AdS5_Schwarz_eta_w_subtr_txt.eps>
(epstopdf)             Output file: <AdS5_Schwarz_eta_w_subtr_txt-eps-converted
-to.pdf>
(epstopdf)             Command: <repstopdf --outfile=AdS5_Schwarz_eta_w_subtr_t
xt-eps-converted-to.pdf AdS5_Schwarz_eta_w_subtr_txt.eps>
(epstopdf)             \includegraphics on input line 2225.
Package epstopdf Info: Output file is already uptodate.

! Package pdftex.def Error: File `AdS5_Schwarz_eta_w_subtr_txt-eps-converted-to
.pdf' not found.

See the pdftex.def package documentation for explanation.
Type  H <return>  for immediate help.
 ...                                              
                                                  
l.2225 ...6.5cm]{AdS5_Schwarz_eta_w_subtr_txt.eps}
                                                  
? 

LaTeX Warning: Citation `Policastro:2002se' on page 35 undefined on input line 
2248.

[35]

LaTeX Warning: Citation `Teaney:2006nc' on page 36 undefined on input line 2258
.


LaTeX Warning: Citation `Policastro:2002se' on page 36 undefined on input line 
2280.


LaTeX Warning: Citation `Son:2006em' on page 36 undefined on input line 2280.

[36] <Chapter2-figures/EnergyDensity.pdf, id=1139, 651.27232pt x 359.16324pt>
File: Chapter2-figures/EnergyDensity.pdf Graphic file (type pdf)

<use Chapter2-figures/EnergyDensity.pdf>
Package pdftex.def Info: Chapter2-figures/EnergyDensity.pdf used on input line 
2324.
(pdftex.def)             Requested size: 241.84842pt x 133.37059pt.


LaTeX Warning: Citation `Chesler:2010bi' on page 37 undefined on input line 233
1.


LaTeX Warning: Citation `Chesler:2010bi' on page 37 undefined on input line 233
1.


LaTeX Warning: Citation `Schaefer:2014awa' on page 37 undefined on input line 2
343.


LaTeX Warning: Citation `Chesler:2013lia' on page 37 undefined on input line 23
52.


LaTeX Warning: Citation `Rangamani:2009xk' on page 37 undefined on input line 2
362.

[37 <./Chapter2-figures/EnergyDensity.pdf>]

LaTeX Warning: Citation `Clay-YM' on page 38 undefined on input line 2379.


LaTeX Warning: Citation `Clay-NS' on page 38 undefined on input line 2379.


LaTeX Warning: Citation `Villani:2009' on page 38 undefined on input line 2380.



LaTeX Warning: Citation `Perelman' on page 38 undefined on input line 2382.


LaTeX Warning: Citation `Schafer:2004xa' on page 38 undefined on input line 238
5.


LaTeX Warning: Citation `Blondin:1993' on page 38 undefined on input line 2390.



LaTeX Warning: Citation `Shen:2014vra' on page 38 undefined on input line 2394.


LaTeX Font Info:    Font shape `OT1/ptm/bx/n' in size <12> not available
(Font)              Font shape `OT1/ptm/b/n' tried instead on input line 2411.
LaTeX Font Info:    Font shape `OT1/ptm/bx/n' in size <9> not available
(Font)              Font shape `OT1/ptm/b/n' tried instead on input line 2411.
LaTeX Font Info:    Font shape `OT1/ptm/bx/n' in size <7> not available
(Font)              Font shape `OT1/ptm/b/n' tried instead on input line 2411.

Package hyperref Warning: Token not allowed in a PDF string (PDFDocEncoding):
(hyperref)                removing `math shift' on input line 2411.


Package hyperref Warning: Token not allowed in a PDF string (PDFDocEncoding):
(hyperref)                removing `subscript' on input line 2411.


Package hyperref Warning: Token not allowed in a PDF string (PDFDocEncoding):
(hyperref)                removing `math shift' on input line 2411.


LaTeX Warning: Citation `Creutz:2004' on page 38 undefined on input line 2415.

[38] [39] [40]) [41]
\openout2 = `chapter3.aux'.

 (./chapter3.tex [42




] [43]

LaTeX Warning: Citation `science-contrib' on page 44 undefined on input line 40
.


LaTeX Warning: Citation `science-online' on page 44 undefined on input line 40.



LaTeX Warning: Citation `science-mono' on page 44 undefined on input line 40.


LaTeX Warning: Citation `science-journal' on page 44 undefined on input line 40
.


LaTeX Warning: Citation `science-DOI' on page 44 undefined on input line 40.


LaTeX Warning: Citation `phys-online' on page 44 undefined on input line 40.


LaTeX Warning: Citation `phys-mono' on page 44 undefined on input line 40.


LaTeX Warning: Citation `phys-journal' on page 44 undefined on input line 40.


LaTeX Warning: Citation `phys-DOI' on page 44 undefined on input line 40.


LaTeX Warning: Citation `phys-contrib' on page 44 undefined on input line 40.


LaTeX Warning: Citation `psysoc-mono' on page 44 undefined on input line 40.


LaTeX Warning: Citation `psysoc-online' on page 44 undefined on input line 40.


LaTeX Warning: Citation `psysoc-journal' on page 44 undefined on input line 40.



LaTeX Warning: Citation `psysoc-contrib' on page 44 undefined on input line 40.



LaTeX Warning: Citation `psysoc-DOI' on page 44 undefined on input line 40.


LaTeX Warning: Citation `humlinphil-journal' on page 44 undefined on input line
 40.


LaTeX Warning: Citation `humlinphil-contrib' on page 44 undefined on input line
 40.


LaTeX Warning: Citation `humlinphil-mono' on page 44 undefined on input line 40
.


LaTeX Warning: Citation `humlinphil-online' on page 44 undefined on input line 
40.


LaTeX Warning: Citation `humlinphil-DOI' on page 44 undefined on input line 40.



LaTeX Warning: Citation `basic-contrib' on page 44 undefined on input line 40.


LaTeX Warning: Citation `basic-online' on page 44 undefined on input line 40.


LaTeX Warning: Citation `basic-journal' on page 44 undefined on input line 40.


LaTeX Warning: Citation `basic-DOI' on page 44 undefined on input line 40.


LaTeX Warning: Citation `basic-mono' on page 44 undefined on input line 40.

) [44]
\openout2 = `chapter4.aux'.

 (./chapter4.tex [45




]

LaTeX Warning: Citation `science-contrib' on page 46 undefined on input line 38
.


LaTeX Warning: Citation `science-online' on page 46 undefined on input line 38.



LaTeX Warning: Citation `science-mono' on page 46 undefined on input line 38.


LaTeX Warning: Citation `science-journal' on page 46 undefined on input line 38
.


LaTeX Warning: Citation `science-DOI' on page 46 undefined on input line 38.


LaTeX Warning: Citation `phys-online' on page 46 undefined on input line 38.


LaTeX Warning: Citation `phys-mono' on page 46 undefined on input line 38.


LaTeX Warning: Citation `phys-journal' on page 46 undefined on input line 38.


LaTeX Warning: Citation `phys-DOI' on page 46 undefined on input line 38.


LaTeX Warning: Citation `phys-contrib' on page 46 undefined on input line 38.


LaTeX Warning: Citation `psysoc-mono' on page 46 undefined on input line 38.


LaTeX Warning: Citation `psysoc-online' on page 46 undefined on input line 38.


LaTeX Warning: Citation `psysoc-journal' on page 46 undefined on input line 38.



LaTeX Warning: Citation `psysoc-contrib' on page 46 undefined on input line 38.



LaTeX Warning: Citation `psysoc-DOI' on page 46 undefined on input line 38.


LaTeX Warning: Citation `humlinphil-journal' on page 46 undefined on input line
 38.


LaTeX Warning: Citation `humlinphil-contrib' on page 46 undefined on input line
 38.


LaTeX Warning: Citation `humlinphil-mono' on page 46 undefined on input line 38
.


LaTeX Warning: Citation `humlinphil-online' on page 46 undefined on input line 
38.


LaTeX Warning: Citation `humlinphil-DOI' on page 46 undefined on input line 38.



LaTeX Warning: Citation `basic-contrib' on page 46 undefined on input line 38.


LaTeX Warning: Citation `basic-online' on page 46 undefined on input line 38.


LaTeX Warning: Citation `basic-journal' on page 46 undefined on input line 38.


LaTeX Warning: Citation `basic-DOI' on page 46 undefined on input line 38.


LaTeX Warning: Citation `basic-mono' on page 46 undefined on input line 38.


LaTeX Warning: Empty `thebibliography' environment on input line 39.

) [46]
\openout2 = `chapter5.aux'.

 (./chapter5.tex [47




]

LaTeX Warning: Citation `science-contrib' on page 48 undefined on input line 40
.


LaTeX Warning: Citation `science-online' on page 48 undefined on input line 40.



LaTeX Warning: Citation `science-mono' on page 48 undefined on input line 40.


LaTeX Warning: Citation `science-journal' on page 48 undefined on input line 40
.


LaTeX Warning: Citation `science-DOI' on page 48 undefined on input line 40.


LaTeX Warning: Citation `phys-online' on page 48 undefined on input line 40.


LaTeX Warning: Citation `phys-mono' on page 48 undefined on input line 40.


LaTeX Warning: Citation `phys-journal' on page 48 undefined on input line 40.


LaTeX Warning: Citation `phys-DOI' on page 48 undefined on input line 40.


LaTeX Warning: Citation `phys-contrib' on page 48 undefined on input line 40.


LaTeX Warning: Citation `psysoc-mono' on page 48 undefined on input line 40.


LaTeX Warning: Citation `psysoc-online' on page 48 undefined on input line 40.


LaTeX Warning: Citation `psysoc-journal' on page 48 undefined on input line 40.



LaTeX Warning: Citation `psysoc-contrib' on page 48 undefined on input line 40.



LaTeX Warning: Citation `psysoc-DOI' on page 48 undefined on input line 40.


LaTeX Warning: Citation `humlinphil-journal' on page 48 undefined on input line
 40.


LaTeX Warning: Citation `humlinphil-contrib' on page 48 undefined on input line
 40.


LaTeX Warning: Citation `humlinphil-mono' on page 48 undefined on input line 40
.


LaTeX Warning: Citation `humlinphil-online' on page 48 undefined on input line 
40.


LaTeX Warning: Citation `humlinphil-DOI' on page 48 undefined on input line 40.



LaTeX Warning: Citation `basic-contrib' on page 48 undefined on input line 40.


LaTeX Warning: Citation `basic-online' on page 48 undefined on input line 40.


LaTeX Warning: Citation `basic-journal' on page 48 undefined on input line 40.


LaTeX Warning: Citation `basic-DOI' on page 48 undefined on input line 40.


LaTeX Warning: Citation `basic-mono' on page 48 undefined on input line 40.


LaTeX Warning: Empty `thebibliography' environment on input line 41.

) [48]
\openout2 = `chapter6.aux'.

 (./chapter6.tex

LaTeX Warning: Citation `Weinberg:1990rz' on page 49 undefined on input line 21
.


LaTeX Warning: Citation `Weinberg:1991um' on page 49 undefined on input line 21
.


LaTeX Warning: Citation `Ordonez:1992xp' on page 49 undefined on input line 21.



LaTeX Warning: Citation `Ordonez:1993tn' on page 49 undefined on input line 21.



LaTeX Warning: Citation `vanKolck:1994yi' on page 49 undefined on input line 21
.


LaTeX Warning: Citation `Epelbaum:1998hg' on page 49 undefined on input line 21
.


LaTeX Warning: Citation `Epelbaum:1998ka' on page 49 undefined on input line 21
.


LaTeX Warning: Citation `Bedaque:2002mn' on page 49 undefined on input line 21.



LaTeX Warning: Citation `Epelbaum:2008ga' on page 49 undefined on input line 21
.


LaTeX Warning: Citation `Lee:2008fa' on page 49 undefined on input line 31.


LaTeX Warning: Citation `Drut:2012a' on page 49 undefined on input line 31.


LaTeX Warning: Citation `Hubbard:1959ub' on page 49 undefined on input line 40.



LaTeX Warning: Citation `Stratonovich:1958' on page 49 undefined on input line 
40.


LaTeX Warning: Citation `Weingarten:1980hx' on page 49 undefined on input line 
41.


LaTeX Warning: Citation `Scalettar:1986uy' on page 49 undefined on input line 4
2.


LaTeX Warning: Citation `Gottlieb:1987mq' on page 49 undefined on input line 42
.


LaTeX Warning: Citation `Duane:1987de' on page 49 undefined on input line 42.


LaTeX Warning: Citation `Muller:1999cp' on page 49 undefined on input line 44.


LaTeX Warning: Citation `Lee:2004si' on page 49 undefined on input line 46.


LaTeX Warning: Citation `Lee:2004qd' on page 49 undefined on input line 46.


LaTeX Warning: Citation `Lee:2005is' on page 49 undefined on input line 46.


LaTeX Warning: Citation `Lee:2005it' on page 49 undefined on input line 46.


LaTeX Warning: Citation `Borasoy:2005yc' on page 49 undefined on input line 48.



LaTeX Warning: Citation `Borasoy:2006qn' on page 49 undefined on input line 49.



LaTeX Warning: Citation `Borasoy:2007vi' on page 49 undefined on input line 50.



LaTeX Warning: Citation `Borasoy:2007vk' on page 49 undefined on input line 50.



LaTeX Warning: Citation `Wlazlowski:2014jna' on page 49 undefined on input line
 50.


LaTeX Warning: Citation `Epelbaum:2009zs' on page 49 undefined on input line 50
.


LaTeX Warning: Citation `Epelbaum:2009pd' on page 49 undefined on input line 50
.


LaTeX Warning: Citation `Epelbaum:2011md' on page 49 undefined on input line 50
.


LaTeX Warning: Citation `Epelbaum:2012qn' on page 49 undefined on input line 50
.


LaTeX Warning: Citation `Epelbaum:2012iu' on page 49 undefined on input line 50
.


LaTeX Warning: Citation `Lahde:2013uqa' on page 49 undefined on input line 50.


LaTeX Warning: Citation `Epelbaum:2013paa' on page 49 undefined on input line 5
0.


LaTeX Warning: Citation `Elhatisari:2016owd' on page 49 undefined on input line
 50.


LaTeX Warning: Citation `Rupak:2013aue' on page 49 undefined on input line 50.


LaTeX Warning: Citation `Rupak:2014xza' on page 49 undefined on input line 50.


LaTeX Warning: Citation `Elhatisari:2015iga' on page 49 undefined on input line
 50.

[49




]

LaTeX Warning: Citation `Epelbaum:2009zs' on page 50 undefined on input line 60
.


LaTeX Warning: Citation `Luscher:1985dn' on page 50 undefined on input line 63.



LaTeX Warning: Citation `Luscher:1986pf' on page 50 undefined on input line 63.



LaTeX Warning: Citation `Luscher:1991ux' on page 50 undefined on input line 63.



LaTeX Warning: Citation `Borasoy:2007vy' on page 50 undefined on input line 68.



LaTeX Warning: Citation `Carlson:1984' on page 50 undefined on input line 68.

LaTeX Font Info:    Font shape `T1/fve/m/n' will be
(Font)              scaled to size 5.39996pt on input line 72.

LaTeX Warning: Citation `Borasoy:2007vi' on page 50 undefined on input line 92.



LaTeX Warning: Citation `Lu:2015riz' on page 50 undefined on input line 94.

[50]

LaTeX Warning: Citation `Lu:2015riz' on page 51 undefined on input line 103.


LaTeX Warning: Citation `Pine:2013zja' on page 51 undefined on input line 116.


LaTeX Warning: Citation `Elhatisari:2014lka' on page 51 undefined on input line
 116.


LaTeX Warning: Citation `Elhatisari:2015iga' on page 51 undefined on input line
 116.


LaTeX Warning: Citation `Rokash:2015hra' on page 51 undefined on input line 116
.


LaTeX Warning: Citation `Elhatisari:2016owd' on page 51 undefined on input line
 116.


Underfull \hbox (badness 10000) in paragraph at lines 173--179

 []


Underfull \hbox (badness 10000) in paragraph at lines 173--179

 []

[51] <Chapter6-figures/formalism.png, id=1441, 439.8834pt x 249.5724pt>
File: Chapter6-figures/formalism.png Graphic file (type png)

<use Chapter6-figures/formalism.png>
Package pdftex.def Info: Chapter6-figures/formalism.png used on input line 208.

(pdftex.def)             Requested size: 216.81pt x 123.01128pt.
 [52 <./Chapter6-figures/formalism.png>]

LaTeX Warning: Citation `Creutz:1988wv' on page 53 undefined on input line 318.



LaTeX Warning: Citation `Creutz:1999zy' on page 53 undefined on input line 318.


[53]

LaTeX Warning: Citation `Carlson:2014vla' on page 54 undefined on input line 36
1.

<Chapter6-figures/worldlines.png, id=1474, 579.6054pt x 495.7722pt>
File: Chapter6-figures/worldlines.png Graphic file (type png)

<use Chapter6-figures/worldlines.png>
Package pdftex.def Info: Chapter6-figures/worldlines.png used on input line 370
.
(pdftex.def)             Requested size: 232.84627pt x 199.16928pt.
 [54] [55 <./Chapter6-figures/worldlines.png>] [56] [57]
<Chapter6-figures/HSworldlines.png, id=1528, 579.6054pt x 495.7722pt>
File: Chapter6-figures/HSworldlines.png Graphic file (type png)

<use Chapter6-figures/HSworldlines.png>
Package pdftex.def Info: Chapter6-figures/HSworldlines.png used on input line 6
10.
(pdftex.def)             Requested size: 232.84627pt x 199.16928pt.

<Chapter6-figures/getzvecs.png, id=1532, 739.76375pt x 690.58pt>
File: Chapter6-figures/getzvecs.png Graphic file (type png)

<use Chapter6-figures/getzvecs.png>
Package pdftex.def Info: Chapter6-figures/getzvecs.png used on input line 630.
(pdftex.def)             Requested size: 396.23814pt x 369.88582pt.


Class SVMult Warning: \sidecaption: No sufficient room for the legend; 
using normal \caption on input line 630.

<Chapter6-figures/getzdualvecs.png, id=1533, 794.97pt x 705.63625pt>
File: Chapter6-figures/getzdualvecs.png Graphic file (type png)

<use Chapter6-figures/getzdualvecs.png>
Package pdftex.def Info: Chapter6-figures/getzdualvecs.png used on input line 6
44.
(pdftex.def)             Requested size: 416.71046pt x 369.88582pt.


Class SVMult Warning: \sidecaption: No sufficient room for the legend; 
using normal \caption on input line 644.

<Chapter6-figures/call_getzvecs.png, id=1534, 480.79625pt x 176.66pt>
File: Chapter6-figures/call_getzvecs.png Graphic file (type png)

<use Chapter6-figures/call_getzvecs.png>
Package pdftex.def Info: Chapter6-figures/call_getzvecs.png used on input line 
659.
(pdftex.def)             Requested size: 247.7999pt x 91.04872pt.
 [58 <./Chapter6-figures/HSworldlines.png>]

LaTeX Warning: Citation `Scalettar:1986uy' on page 59 undefined on input line 6
76.


LaTeX Warning: Citation `Gottlieb:1987mq' on page 59 undefined on input line 67
6.


LaTeX Warning: Citation `Duane:1987de' on page 59 undefined on input line 676.

[59pdfTeX warning (ext4): destination with the same identifier (name{figure.6.4
}) has been already used, duplicate ignored

\AtBegShi@Output ...ipout \box \AtBeginShipoutBox 
                                                  \fi \fi 
l.702 \end{equation}
                     <./Chapter6-figures/getzvecs.png>] [60pdfTeX warning (ext4
): destination with the same identifier (name{figure.6.5}) has been already use
d, duplicate ignored

\AtBegShi@Output ...ipout \box \AtBeginShipoutBox 
                                                  \fi \fi 
l.712 \end{equation}
                     <./Chapter6-figures/getzdualvecs.png> <./Chapter6-figures/
call_getzvecs.png>]
<Chapter6-figures/bose_sum.png, id=1560, 536.0025pt x 446.66875pt>
File: Chapter6-figures/bose_sum.png Graphic file (type png)

<use Chapter6-figures/bose_sum.png>
Package pdftex.def Info: Chapter6-figures/bose_sum.png used on input line 785.
(pdftex.def)             Requested size: 273.15318pt x 227.62204pt.
 [61]
<Chapter6-figures/dVds.png, id=1577, 507.8975pt x 367.3725pt>
File: Chapter6-figures/dVds.png Graphic file (type png)

<use Chapter6-figures/dVds.png>
Package pdftex.def Info: Chapter6-figures/dVds.png used on input line 808.
(pdftex.def)             Requested size: 251.75491pt x 182.09746pt.

<Chapter6-figures/accept.png, id=1579, 607.26875pt x 379.4175pt>
File: Chapter6-figures/accept.png Graphic file (type png)

<use Chapter6-figures/accept.png>
Package pdftex.def Info: Chapter6-figures/accept.png used on input line 827.
(pdftex.def)             Requested size: 291.45789pt x 182.09746pt.
 [62 <./Chapter6-figures/bose_sum.png> <./Chapter6-figures/dVds.png>] [63 <./Ch
apter6-figures/accept.png>]) [64]
\openout2 = `chapter7.aux'.


(./chapter7.tex [65




]

LaTeX Warning: Citation `science-contrib' on page 66 undefined on input line 41
.


LaTeX Warning: Citation `science-online' on page 66 undefined on input line 41.



LaTeX Warning: Citation `science-mono' on page 66 undefined on input line 41.


LaTeX Warning: Citation `science-journal' on page 66 undefined on input line 41
.


LaTeX Warning: Citation `science-DOI' on page 66 undefined on input line 41.


LaTeX Warning: Citation `phys-online' on page 66 undefined on input line 41.


LaTeX Warning: Citation `phys-mono' on page 66 undefined on input line 41.


LaTeX Warning: Citation `phys-journal' on page 66 undefined on input line 41.


LaTeX Warning: Citation `phys-DOI' on page 66 undefined on input line 41.


LaTeX Warning: Citation `phys-contrib' on page 66 undefined on input line 41.


LaTeX Warning: Citation `psysoc-mono' on page 66 undefined on input line 41.


LaTeX Warning: Citation `psysoc-online' on page 66 undefined on input line 41.


LaTeX Warning: Citation `psysoc-journal' on page 66 undefined on input line 41.



LaTeX Warning: Citation `psysoc-contrib' on page 66 undefined on input line 41.



LaTeX Warning: Citation `psysoc-DOI' on page 66 undefined on input line 41.


LaTeX Warning: Citation `humlinphil-journal' on page 66 undefined on input line
 41.


LaTeX Warning: Citation `humlinphil-contrib' on page 66 undefined on input line
 41.


LaTeX Warning: Citation `humlinphil-mono' on page 66 undefined on input line 41
.


LaTeX Warning: Citation `humlinphil-online' on page 66 undefined on input line 
41.


LaTeX Warning: Citation `humlinphil-DOI' on page 66 undefined on input line 41.



LaTeX Warning: Citation `basic-contrib' on page 66 undefined on input line 41.


LaTeX Warning: Citation `basic-online' on page 66 undefined on input line 41.


LaTeX Warning: Citation `basic-journal' on page 66 undefined on input line 41.


LaTeX Warning: Citation `basic-DOI' on page 66 undefined on input line 41.


LaTeX Warning: Citation `basic-mono' on page 66 undefined on input line 41.


LaTeX Warning: Empty `thebibliography' environment on input line 42.

) [66]
\openout2 = `chapter8.aux'.

 (./chapter8.tex

LaTeX Warning: Reference `chap:chapter9' on page 67 undefined on input line 16.



LaTeX Warning: Reference `chap:chapter10' on page 67 undefined on input line 16
.

[67




] [68] [69] [70] [71] [72] [73] [74] [75]
Overfull \hbox (85.6646pt too wide) in paragraph at lines 745--755
\T1/fve/m/n/10 The lat-ter is noth-ing but a stan-dard eigen-value prob-lem. Co
m-pared with Eq. (refeq:hartreefockcoordinatespace),
 []

[76] [77] [78]

Package hyperref Warning: Token not allowed in a PDF string (PDFDocEncoding):
(hyperref)                removing `math shift' on input line 971.


Package hyperref Warning: Token not allowed in a PDF string (PDFDocEncoding):
(hyperref)                removing `math shift' on input line 971.

[79]

LaTeX Warning: Reference `fig:goldstone' on page 80 undefined on input line 101
8.

[80]

LaTeX Warning: Reference `fig:goldstone' on page 81 undefined on input line 109
7.


LaTeX Warning: Reference `fig:goldstone' on page 81 undefined on input line 114
4.


LaTeX Warning: Reference `fig:goldstone' on page 81 undefined on input line 114
5.

[81] [82] [83] [84] [85] [86] [87] [88] [89] [90] [91] [92] [93] [94] [95]
[96] [97] [98] [99] [100] [101] [102] [103] [104]

LaTeX Font Warning: Font shape `T1/fve/m/sc' undefined
(Font)              using `T1/fve/m/n' instead on input line 2660.

[105] [106] [107] [108] [109] [110]
Overfull \hbox (61.6545pt too wide) in paragraph at lines 2884--2884
[] 
 []

[111] <Chapter8-figures/fig1.pdf, id=1968, 500.87437pt x 400.11984pt>
File: Chapter8-figures/fig1.pdf Graphic file (type pdf)

<use Chapter8-figures/fig1.pdf>
Package pdftex.def Info: Chapter8-figures/fig1.pdf used on input line 2905.
(pdftex.def)             Requested size: 424.58624pt x 339.19376pt.

<Chapter8-figures/fig2.pdf, id=1969, 500.87437pt x 400.11984pt>
File: Chapter8-figures/fig2.pdf Graphic file (type pdf)

<use Chapter8-figures/fig2.pdf>
Package pdftex.def Info: Chapter8-figures/fig2.pdf used on input line 2911.
(pdftex.def)             Requested size: 424.58624pt x 339.19376pt.
 [112 <./Chapter8-figures/fig1.pdf>] [113 <./Chapter8-figures/fig2.pdf>]
<Chapter8-figures/fig3.pdf, id=2092, 523.75674pt x 407.53818pt>
File: Chapter8-figures/fig3.pdf Graphic file (type pdf)

<use Chapter8-figures/fig3.pdf>
Package pdftex.def Info: Chapter8-figures/fig3.pdf used on input line 2950.
(pdftex.def)             Requested size: 424.58624pt x 330.37152pt.

<Chapter8-figures/fig4.pdf, id=2093, 523.75674pt x 407.53818pt>
File: Chapter8-figures/fig4.pdf Graphic file (type pdf)

<use Chapter8-figures/fig4.pdf>
Package pdftex.def Info: Chapter8-figures/fig4.pdf used on input line 2956.
(pdftex.def)             Requested size: 424.58624pt x 330.37152pt.
) [114 <./Chapter8-figures/fig3.pdf>] [115 <./Chapter8-figures/fig4.pdf>]
\openout2 = `chapter9.aux'.

 (./chapter9.tex [116




] [117]

LaTeX Warning: Citation `science-contrib' on page 118 undefined on input line 4
2.


LaTeX Warning: Citation `science-online' on page 118 undefined on input line 42
.


LaTeX Warning: Citation `science-mono' on page 118 undefined on input line 42.


LaTeX Warning: Citation `science-journal' on page 118 undefined on input line 4
2.


LaTeX Warning: Citation `science-DOI' on page 118 undefined on input line 42.


LaTeX Warning: Citation `phys-online' on page 118 undefined on input line 42.


LaTeX Warning: Citation `phys-mono' on page 118 undefined on input line 42.


LaTeX Warning: Citation `phys-journal' on page 118 undefined on input line 42.


LaTeX Warning: Citation `phys-DOI' on page 118 undefined on input line 42.


LaTeX Warning: Citation `phys-contrib' on page 118 undefined on input line 42.


LaTeX Warning: Citation `psysoc-mono' on page 118 undefined on input line 42.


LaTeX Warning: Citation `psysoc-online' on page 118 undefined on input line 42.



LaTeX Warning: Citation `psysoc-journal' on page 118 undefined on input line 42
.


LaTeX Warning: Citation `psysoc-contrib' on page 118 undefined on input line 42
.


LaTeX Warning: Citation `psysoc-DOI' on page 118 undefined on input line 42.


LaTeX Warning: Citation `humlinphil-journal' on page 118 undefined on input lin
e 42.


LaTeX Warning: Citation `humlinphil-contrib' on page 118 undefined on input lin
e 42.


LaTeX Warning: Citation `humlinphil-mono' on page 118 undefined on input line 4
2.


LaTeX Warning: Citation `humlinphil-online' on page 118 undefined on input line
 42.


LaTeX Warning: Citation `humlinphil-DOI' on page 118 undefined on input line 42
.


LaTeX Warning: Citation `basic-contrib' on page 118 undefined on input line 42.



LaTeX Warning: Citation `basic-online' on page 118 undefined on input line 42.


LaTeX Warning: Citation `basic-journal' on page 118 undefined on input line 42.



LaTeX Warning: Citation `basic-DOI' on page 118 undefined on input line 42.


LaTeX Warning: Citation `basic-mono' on page 118 undefined on input line 42.


LaTeX Warning: Empty `thebibliography' environment on input line 43.

) [118]
\openout2 = `chapter10.aux'.

 (./chapter10.tex [119




]

LaTeX Warning: Citation `science-contrib' on page 120 undefined on input line 4
1.


LaTeX Warning: Citation `science-online' on page 120 undefined on input line 41
.


LaTeX Warning: Citation `science-mono' on page 120 undefined on input line 41.


LaTeX Warning: Citation `science-journal' on page 120 undefined on input line 4
1.


LaTeX Warning: Citation `science-DOI' on page 120 undefined on input line 41.


LaTeX Warning: Citation `phys-online' on page 120 undefined on input line 41.


LaTeX Warning: Citation `phys-mono' on page 120 undefined on input line 41.


LaTeX Warning: Citation `phys-journal' on page 120 undefined on input line 41.


LaTeX Warning: Citation `phys-DOI' on page 120 undefined on input line 41.


LaTeX Warning: Citation `phys-contrib' on page 120 undefined on input line 41.


LaTeX Warning: Citation `psysoc-mono' on page 120 undefined on input line 41.


LaTeX Warning: Citation `psysoc-online' on page 120 undefined on input line 41.



LaTeX Warning: Citation `psysoc-journal' on page 120 undefined on input line 41
.


LaTeX Warning: Citation `psysoc-contrib' on page 120 undefined on input line 41
.


LaTeX Warning: Citation `psysoc-DOI' on page 120 undefined on input line 41.


LaTeX Warning: Citation `humlinphil-journal' on page 120 undefined on input lin
e 41.


LaTeX Warning: Citation `humlinphil-contrib' on page 120 undefined on input lin
e 41.


LaTeX Warning: Citation `humlinphil-mono' on page 120 undefined on input line 4
1.


LaTeX Warning: Citation `humlinphil-online' on page 120 undefined on input line
 41.


LaTeX Warning: Citation `humlinphil-DOI' on page 120 undefined on input line 41
.


LaTeX Warning: Citation `basic-contrib' on page 120 undefined on input line 41.



LaTeX Warning: Citation `basic-online' on page 120 undefined on input line 41.


LaTeX Warning: Citation `basic-journal' on page 120 undefined on input line 41.



LaTeX Warning: Citation `basic-DOI' on page 120 undefined on input line 41.


LaTeX Warning: Citation `basic-mono' on page 120 undefined on input line 41.


LaTeX Warning: Empty `thebibliography' environment on input line 42.

) [120]
\openout2 = `chapter11.aux'.

 (./chapter11.tex) [121




]
Package atveryend Info: Empty hook `BeforeClearDocument' on input line 116.
Package atveryend Info: Empty hook `AfterLastShipout' on input line 116.
 (./lnp.aux (./preface.aux) (./chapter1.aux)
(./chapter2.aux) (./chapter3.aux) (./chapter4.aux) (./chapter5.aux)
(./chapter6.aux) (./chapter7.aux) (./chapter8.aux) (./chapter9.aux)
(./chapter10.aux) (./chapter11.aux))
Package atveryend Info: Executing hook `AtVeryEndDocument' on input line 116.
Package atveryend Info: Executing hook `AtEndAfterFileList' on input line 116.
Package rerunfilecheck Info: File `lnp.out' has not changed.
(rerunfilecheck)             Checksum: B786C2CBE07ECF472569EB8186BE1EAB;9547.


LaTeX Font Warning: Some font shapes were not available, defaults substituted.


LaTeX Warning: There were undefined references.


LaTeX Warning: There were multiply-defined labels.

Package atveryend Info: Empty hook `AtVeryVeryEnd' on input line 116.
 ) 
Here is how much of TeX's memory you used:
 19697 strings out of 493089
 317079 string characters out of 6134842
 456439 words of memory out of 5000000
 21838 multiletter control sequences out of 15000+600000
 121401 words of font info for 192 fonts, out of 8000000 for 9000
 1141 hyphenation exceptions out of 8191
 36i,14n,40p,1929b,1628s stack positions out of 5000i,500n,10000p,200000b,80000s
{/usr/local/texlive/2015/texmf-dist/fonts/enc/dvips/base/8r.enc}</usr/local/t
exlive/2015/texmf-dist/fonts/type1/public/amsfonts/cm/cmex10.pfb></usr/local/te
xlive/2015/texmf-dist/fonts/type1/public/amsfonts/cm/cmmi10.pfb></usr/local/tex
live/2015/texmf-dist/fonts/type1/public/amsfonts/cm/cmr10.pfb></usr/local/texli
ve/2015/texmf-dist/fonts/type1/public/amsfonts/cm/cmr7.pfb></usr/local/texlive/
2015/texmf-dist/fonts/type1/public/amsfonts/cm/cmsy10.pfb></usr/local/texlive/2
015/texmf-dist/fonts/type1/public/amsfonts/cm/cmtt10.pfb></usr/local/texlive/20
15/texmf-dist/fonts/type1/public/amsfonts/euler/eufm10.pfb></usr/local/texlive/
2015/texmf-dist/fonts/type1/public/amsfonts/euler/eufm7.pfb></usr/local/texlive
/2015/texmf-dist/fonts/type1/public/bera/fveb8a.pfb></usr/local/texlive/2015/te
xmf-dist/fonts/type1/public/bera/fveb8a.pfb></usr/local/texlive/2015/texmf-dist
/fonts/type1/public/bera/fver8a.pfb></usr/local/texlive/2015/texmf-dist/fonts/t
ype1/public/bera/fver8a.pfb></usr/local/texlive/2015/texmf-dist/fonts/type1/pub
lic/bera/fvmr8a.pfb></usr/local/texlive/2015/texmf-dist/fonts/type1/public/rsfs
/rsfs10.pfb></usr/local/texlive/2015/texmf-dist/fonts/type1/urw/symbol/usyr.pfb
></usr/local/texlive/2015/texmf-dist/fonts/type1/urw/symbol/usyr.pfb></usr/loca
l/texlive/2015/texmf-dist/fonts/type1/urw/times/utmb8a.pfb></usr/local/texlive/
2015/texmf-dist/fonts/type1/urw/times/utmr8a.pfb></usr/local/texlive/2015/texmf
-dist/fonts/type1/urw/times/utmri8a.pfb>
Output written on lnp.pdf (130 pages, 2005386 bytes).
PDF statistics:
 2504 PDF objects out of 2984 (max. 8388607)
 2156 compressed objects within 22 object streams
 852 named destinations out of 1000 (max. 500000)
 1025 words of extra memory for PDF output out of 10000 (max. 10000000)

